Wojciech.Cencek@slogin1:/gpfs/hps/nco/ops/nwtest/grib_util.v1.0.3/sorc/wgrib2_v2.0.2/verification> ./verify2.sh < RESULTS
wgrib2=./wgrib2 wgrib2new=./wgrib2new mode=
version=201503
Proj4 package not installed
threading: test decode/-bin
threading: test decode/-ieee
threading: test encode c1
threading: test encode c2
threading: test encode c3
threading: test encode s
threading: test lat comp gctpc 0
threading: test lon comp gctpc 0
threading: test lat comp gctpc 1
gctpc_get_lat used
gctpc_get_lat used
gctpc_get_lat used
gctpc_get_lat used
threading: test lon comp gctpc 1
gctpc_get_lat used
gctpc_get_lat used
gctpc_get_lat used
gctpc_get_lat used
threading: test new_grid
eqv: test s_out
eqv: test match_fs
eqv: test not_fs
eqv: test if_fs
eqv: test not_if_fs
eqv: test -d
eqv: test <grib
regression: test -s
regression: test -v
regression: test -ieee
regression: test -text
regression: test -cvs
regression: test -spread
regression: test -grib_out
regression: test -match 1
regression: test -if 1
regression: test -ijsmall
regression: test -small_grib
regression: test ncep_norm
regression: test -stats
regression: test -grib_out j
regression: test -submsg_uv
regression: test -wndspd/dir
regression: test -new_grid 1
fail test -new_grid 1 file=gep19.t00z.pgrb2af180 cmd=./wgrib2 $f -new_grid_winds earth -new_grid ncep grid 221 - -inv /dev/null | cksum
fail test -new_grid 1 file=NGAC2d.GrbF00 cmd=./wgrib2 $f -new_grid_winds earth -new_grid ncep grid 221 - -inv /dev/null | cksum
