 
 You are on WCOSS:  Mars-p3
 

Currently Loaded Modules:
  1) EnvVars/1.0.2      6) imagemagick/6.9.9-25  11) pigz/2.3.4       16) jasper/1.900.29  21) w3nco/2.0.6
  2) lsf/10.1           7) perl/XML-Parser/2.44  12) python/3.6.3     17) libpng/1.2.59    22) ip/3.0.1
  3) prod_envir/1.0.2   8) cmake/3.10.0          13) prod_util/1.1.0  18) zlib/1.2.11      23) sp/2.0.2
  4) GrADS/2.2.0        9) idl/8.6.1             14) ips/18.0.1.163   19) bacio/2.0.2      24) g2/3.1.0
  5) git/2.14.3        10) perl/DateTime/1.44    15) impi/18.0.1      20) w3emc/2.3.0      25) build_grib_util/dell/1.1.0

 

ifort -O3 -g -I /gpfs/dell1/nco/ops/nwprod/lib/g2/v3.1.0/ips/18.0.1/include/g2_v3.1.0_4  -c -o gds2gdt.o gds2gdt.f
ifort -O3 -g -I /gpfs/dell1/nco/ops/nwprod/lib/g2/v3.1.0/ips/18.0.1/include/g2_v3.1.0_4  -c -o pds2pdt.o pds2pdt.f
pds2pdt.f(1): warning #6843: A dummy argument with an explicit INTENT(OUT) declaration is not given an explicit value.   [COORDLIST]
        subroutine pds2pdt(kpds,ipdsnum,ipdstmpl,numcoord,coordlist,
----------------------------------------------------------^
ifort -O3 -g -I /gpfs/dell1/nco/ops/nwprod/lib/g2/v3.1.0/ips/18.0.1/include/g2_v3.1.0_4  -c -o pds2pdtens.o pds2pdtens.f
pds2pdtens.f(2): warning #6843: A dummy argument with an explicit INTENT(OUT) declaration is not given an explicit value.   [COORDLIST]
     &                     ipdsnum,ipdstmpl,numcoord,coordlist,
-----------------------------------------------------^
ifort -O3 -g -I /gpfs/dell1/nco/ops/nwprod/lib/g2/v3.1.0/ips/18.0.1/include/g2_v3.1.0_4  -c -o cnvgrib.o cnvgrib.f
ifort -O3 -g -I /gpfs/dell1/nco/ops/nwprod/lib/g2/v3.1.0/ips/18.0.1/include/g2_v3.1.0_4  -c -o cnv12.o cnv12.f
ifort -O3 -g -I /gpfs/dell1/nco/ops/nwprod/lib/g2/v3.1.0/ips/18.0.1/include/g2_v3.1.0_4  -c -o cnv22.o cnv22.f
ifort -O3 -g -I /gpfs/dell1/nco/ops/nwprod/lib/g2/v3.1.0/ips/18.0.1/include/g2_v3.1.0_4  -c -o cnv21.o cnv21.f
ifort -O3 -g -I /gpfs/dell1/nco/ops/nwprod/lib/g2/v3.1.0/ips/18.0.1/include/g2_v3.1.0_4  -c -o gdt2gds.o gdt2gds.f
ifort -O3 -g -I /gpfs/dell1/nco/ops/nwprod/lib/g2/v3.1.0/ips/18.0.1/include/g2_v3.1.0_4  -c -o makepds.o makepds.f
ifort -O3 -g -I /gpfs/dell1/nco/ops/nwprod/lib/g2/v3.1.0/ips/18.0.1/include/g2_v3.1.0_4  -c -o putgbexn.o putgbexn.f
ifort -O3 -g -I /gpfs/dell1/nco/ops/nwprod/lib/g2/v3.1.0/ips/18.0.1/include/g2_v3.1.0_4  -c -o makepdsens.o makepdsens.f
ifort -O3 -g -I /gpfs/dell1/nco/ops/nwprod/lib/g2/v3.1.0/ips/18.0.1/include/g2_v3.1.0_4  -c -o setbit.o setbit.f
ifort  -o cnvgrib gds2gdt.o pds2pdt.o pds2pdtens.o cnvgrib.o cnv12.o cnv22.o cnv21.o gdt2gds.o makepds.o putgbexn.o makepdsens.o setbit.o /gpfs/dell1/nco/ops/nwprod/lib/g2/v3.1.0/ips/18.0.1/libg2_v3.1.0_4.a /gpfs/dell1/nco/ops/nwprod/lib/w3nco/v2.0.6/ips/18.0.1/libw3nco_v2.0.6_4.a /gpfs/dell1/nco/ops/nwprod/lib/bacio/v2.0.2/ips/18.0.1/libbacio_v2.0.2_4.a /usrx/local/prod/packages/gnu/4.8.5/jasper/1.900.29/lib/libjasper.a /usrx/local/prod/packages/gnu/4.8.5/libpng/1.2.59/lib/libpng.a /usrx/local/prod/packages/ips/18.0.1/zlib/1.2.11/lib/libz.a
/usrx/local/prod/packages/gnu/4.8.5/jasper/1.900.29/lib/libjasper.a(jas_stream.o): In function `jas_stream_tmpfile':
/usrx/local/prod/packages/gnu/4.8.5/jasper/1.900.29/src/jasper-1.900.29/src/libjasper/base/jas_stream.c:520: warning: the use of `tmpnam' is dangerous, better use `mkstemp'
mkdir -p ../../exec
cp -p cnvgrib ../../exec
rm -f gds2gdt.o pds2pdt.o pds2pdtens.o cnvgrib.o cnv12.o cnv22.o cnv21.o gdt2gds.o makepds.o putgbexn.o makepdsens.o setbit.o
