This file contains any messages produced by compilers while
running configure, to aid debugging if configure makes a mistake.

It was created by PROJ.4 Projections configure 4.8.0, which was
generated by GNU Autoconf 2.68.  Invocation command line was

  $ ./configure CC=cc --prefix=/gpfs/hps/nco/ops/nwtest/grib_util.v1.0.4/sorc/wgrib2_v2.0.5 --disable-shared

## --------- ##
## Platform. ##
## --------- ##

hostname = slogin2
uname -m = x86_64
uname -r = 3.0.101-0.46-default
uname -s = Linux
uname -v = #1 SMP Wed Dec 17 11:04:10 UTC 2014 (8356111)

/usr/bin/uname -p = unknown
/bin/uname -X     = unknown

/bin/arch              = x86_64
/usr/bin/arch -k       = unknown
/usr/convex/getsysinfo = unknown
/usr/bin/hostinfo      = unknown
/bin/machine           = unknown
/usr/bin/oslevel       = unknown
/bin/universe          = unknown

PATH: /opt/intel/composer_xe_2015.6.233/bin/intel64
PATH: /opt/intel/composer_xe_2015.6.233/debugger/gdb/intel64_mic/bin
PATH: /opt/cray/rca/1.0.0-2.0502.57212.2.56.ari/bin
PATH: /opt/cray/alps/5.2.3-2.0502.9295.14.14.ari/sbin
PATH: /opt/cray/alps/5.2.3-2.0502.9295.14.14.ari/bin
PATH: /opt/cray/dvs/2.5_0.9.0-1.0502.1958.2.55.ari/bin
PATH: /opt/cray/xpmem/0.1-2.0502.57015.1.15.ari/bin
PATH: /opt/cray/pmi/5.0.6-1.0000.10439.140.2.ari/bin
PATH: /opt/cray/ugni/6.0-1.0502.10245.9.9.ari/bin
PATH: /opt/cray/udreg/2.3.2-1.0502.9889.2.20.ari/bin
PATH: /opt/cray/craype/2.3.0/bin
PATH: /u/Kit.Menlove/bin
PATH: /gpfs/gp1/nco/ops/nwprod/spa_util
PATH: /gpfs/gp1/nco/ops/nwprod/spa_util/jobinfo
PATH: /u/Kit.Menlove/bin
PATH: /usr/local/bin
PATH: /usr/bin
PATH: /bin
PATH: /usr/bin/X11
PATH: /usr/X11R6/bin
PATH: /usr/games
PATH: /opt/bin
PATH: /usr/lib/mit/bin
PATH: /usr/lib/mit/sbin
PATH: /sbin
PATH: /usr/sbin
PATH: .
PATH: /usr/lib/qt3/bin
PATH: /gpfs/gp1/u/Kit.Menlove/bin
PATH: /opt/cray/bin


## ----------- ##
## Core tests. ##
## ----------- ##

configure:2241: checking for a BSD-compatible install
configure:2309: result: /usr/bin/install -c
configure:2320: checking whether build environment is sane
configure:2370: result: yes
configure:2511: checking for a thread-safe mkdir -p
configure:2550: result: /bin/mkdir -p
configure:2563: checking for gawk
configure:2579: found /usr/bin/gawk
configure:2590: result: gawk
configure:2601: checking whether make sets $(MAKE)
configure:2623: result: yes
configure:2704: checking whether to enable maintainer-specific portions of Makefiles
configure:2713: result: no
configure:2777: checking for gcc
configure:2804: result: cc
configure:3033: checking for C compiler version
configure:3042: cc --version >&5
icc (ICC) 15.0.6 20151119
Copyright (C) 1985-2015 Intel Corporation.  All rights reserved.

configure:3053: $? = 0
configure:3042: cc -v >&5
icc: warning #10315: specifying -lm before files may supersede the Intel(R) math library and affect performance
icc: warning #10315: specifying -lm before files may supersede the Intel(R) math library and affect performance
icc: warning #10315: specifying -lm before files may supersede the Intel(R) math library and affect performance
icc version 15.0.6 (gcc version 4.3.0 compatibility)
ld    /usr/lib64/gcc/x86_64-suse-linux/4.3/../../../../lib64/crt1.o /usr/lib64/gcc/x86_64-suse-linux/4.3/../../../../lib64/crti.o /usr/lib64/gcc/x86_64-suse-linux/4.3/crtbeginT.o --build-id -static -m elf_x86_64 -L/opt/cray/dmapp/default/lib64 -L/opt/cray/mpt/7.2.0/gni/mpich2-intel/140/lib -L/opt/cray/libsci/13.0.3/INTEL/140/x86_64/lib -L/opt/cray/rca/1.0.0-2.0502.57212.2.56.ari/lib64 -L/opt/cray/alps/5.2.3-2.0502.9295.14.14.ari/lib64 -L/opt/cray/xpmem/0.1-2.0502.57015.1.15.ari/lib64 -L/opt/cray/pmi/5.0.6-1.0000.10439.140.2.ari/lib64 -L/opt/cray/ugni/6.0-1.0502.10245.9.9.ari/lib64 -L/opt/cray/udreg/2.3.2-1.0502.9889.2.20.ari/lib64 -L/opt/cray/atp/1.8.1/libApp -L/opt/cray/wlm_detect/1.0-1.0502.57063.1.1.ari/lib64 -o a.out -L/opt/intel/composer_xe_2015.6.233/compiler/lib/intel64 -L/opt/intel/composer_xe_2015.6.233/ipp/../compiler/lib/intel64 -L/opt/intel/composer_xe_2015.6.233/ipp/lib/intel64 -L/opt/intel/composer_xe_2015.6.233/compiler/lib/intel64 -L/opt/intel/composer_xe_2015.6.233/mkl/lib/intel64 -L/opt/intel/composer_xe_2015.6.233/tbb/lib/intel64/gcc4.1 -L/opt/intel/composer_xe_2015.6.233/compiler/lib/intel64 -L/usr/lib64/gcc/x86_64-suse-linux/4.3/ -L/usr/lib64/gcc/x86_64-suse-linux/4.3/../../../../lib64 -L/usr/lib64/gcc/x86_64-suse-linux/4.3/../../../../lib64/ -L/lib/../lib64 -L/lib/../lib64/ -L/usr/lib/../lib64 -L/usr/lib/../lib64/ -L/opt/intel/composer_xe_2015.6.233/compiler/lib/intel64/ -L/opt/intel/composer_xe_2015.6.233/ipp/../compiler/lib/intel64/ -L/opt/intel/composer_xe_2015.6.233/ipp/lib/intel64/ -L/opt/intel/composer_xe_2015.6.233/mkl/lib/intel64/ -L/opt/intel/composer_xe_2015.6.233/tbb/lib/intel64/gcc4.1/ -L/usr/lib64/gcc/x86_64-suse-linux/4.3/../../../../x86_64-suse-linux/lib/ -L/usr/lib64/gcc/x86_64-suse-linux/4.3/../../../ -L/lib64 -L/lib/ -L/usr/lib64 -L/usr/lib -lAtpSigHandler -lAtpSigHCommData --undefined=_ATP_Data_Globals --undefined=__atpHandlerInstall -lpthread -lsci_intel_mpi -lsci_intel -L/opt/intel/composer_xe_2015.6.233/compiler/lib/intel64 -limf -lm -ldl -lmpich_intel -lrt -lugni -lpthread -lpmi -L/opt/intel/composer_xe_2015.6.233/compiler/lib/intel64 -limf -lm -ldl -lpmi -lpthread -lalpslli -lpthread -lwlm_detect -lalpsutil -lpthread -lrca -lxpmem -lugni -lpthread -ludreg -lsci_intel -L/opt/intel/composer_xe_2015.6.233/compiler/lib/intel64 -limf -lm -ldl --as-needed -limf --no-as-needed --as-needed -lm --no-as-needed --as-needed -lifcore --no-as-needed --as-needed -lifport --no-as-needed --as-needed -lpthread --no-as-needed -limf -lsvml -lirng -lm -lipgo -ldecimal -lgcc -lgcc_eh -lirc -lsvml -lc -lgcc -lgcc_eh -lirc_s -ldl -lc /usr/lib64/gcc/x86_64-suse-linux/4.3/crtend.o /usr/lib64/gcc/x86_64-suse-linux/4.3/../../../../lib64/crtn.o
/opt/intel/composer_xe_2015.6.233/compiler/lib/intel64/libifcore.a(for_main.o): In function `main':
for_main.c:(.text+0x3e): undefined reference to `MAIN__'
configure:3053: $? = 1
configure:3042: cc -V >&5
Intel(R) C Intel(R) 64 Compiler XE for applications running on Intel(R) 64, Version 15.0.6.233 Build 20151119
Copyright (C) 1985-2015 Intel Corporation.  All rights reserved.

configure:3053: $? = 0
configure:3042: cc -qversion >&5
icc: command line warning #10006: ignoring unknown option '-qversion'
icc: warning #10315: specifying -lm before files may supersede the Intel(R) math library and affect performance
icc: warning #10315: specifying -lm before files may supersede the Intel(R) math library and affect performance
icc: warning #10315: specifying -lm before files may supersede the Intel(R) math library and affect performance
/opt/intel/composer_xe_2015.6.233/compiler/lib/intel64/libifcore.a(for_main.o): In function `main':
for_main.c:(.text+0x3e): undefined reference to `MAIN__'
configure:3053: $? = 1
configure:3073: checking whether the C compiler works
configure:3095: cc    conftest.c  >&5
configure:3099: $? = 0
configure:3147: result: yes
configure:3150: checking for C compiler default output file name
configure:3152: result: a.out
configure:3158: checking for suffix of executables
configure:3165: cc -o conftest    conftest.c  >&5
configure:3169: $? = 0
configure:3191: result: 
configure:3213: checking whether we are cross compiling
configure:3221: cc -o conftest    conftest.c  >&5
configure:3225: $? = 0
configure:3232: ./conftest
configure:3236: $? = 0
configure:3251: result: no
configure:3256: checking for suffix of object files
configure:3278: cc -c   conftest.c >&5
configure:3282: $? = 0
configure:3303: result: o
configure:3307: checking whether we are using the GNU C compiler
configure:3326: cc -c   conftest.c >&5
configure:3326: $? = 0
configure:3335: result: yes
configure:3344: checking whether cc accepts -g
configure:3364: cc -c -g  conftest.c >&5
configure:3364: $? = 0
configure:3405: result: yes
configure:3422: checking for cc option to accept ISO C89
configure:3486: cc  -c -g -O2  conftest.c >&5
configure:3486: $? = 0
configure:3499: result: none needed
configure:3530: checking for style of include used by make
configure:3558: result: GNU
configure:3583: checking dependency style of cc
configure:3693: result: gcc3
configure:3709: checking whether ln -s works
configure:3713: result: yes
configure:3720: checking whether make sets $(MAKE)
configure:3742: result: yes
configure:3780: checking build system type
configure:3794: result: x86_64-unknown-linux-gnu
configure:3814: checking host system type
configure:3827: result: x86_64-unknown-linux-gnu
configure:3868: checking how to print strings
configure:3895: result: printf
configure:3916: checking for a sed that does not truncate output
configure:3980: result: /usr/bin/sed
configure:3998: checking for grep that handles long lines and -e
configure:4056: result: /usr/bin/grep
configure:4061: checking for egrep
configure:4123: result: /usr/bin/grep -E
configure:4128: checking for fgrep
configure:4190: result: /usr/bin/grep -F
configure:4225: checking for ld used by cc
icc: warning #10315: specifying -lm before files may supersede the Intel(R) math library and affect performance
icc: warning #10315: specifying -lm before files may supersede the Intel(R) math library and affect performance
icc: warning #10315: specifying -lm before files may supersede the Intel(R) math library and affect performance
configure:4292: result: /usr/bin/ld
configure:4299: checking if the linker (/usr/bin/ld) is GNU ld
configure:4314: result: yes
configure:4326: checking for BSD- or MS-compatible name lister (nm)
configure:4375: result: /usr/bin/nm -B
configure:4505: checking the name lister (/usr/bin/nm -B) interface
configure:4512: cc -c -g -O2  conftest.c >&5
configure:4515: /usr/bin/nm -B "conftest.o"
configure:4518: output
0000000000000000 N .debug_info_seg
0000000000000000 B some_variable
configure:4525: result: BSD nm
configure:4529: checking the maximum length of command line arguments
configure:4654: result: 3458764513820540925
configure:4671: checking whether the shell understands some XSI constructs
configure:4681: result: yes
configure:4685: checking whether the shell understands "+="
configure:4691: result: yes
configure:4726: checking how to convert x86_64-unknown-linux-gnu file names to x86_64-unknown-linux-gnu format
configure:4766: result: func_convert_file_noop
configure:4773: checking how to convert x86_64-unknown-linux-gnu file names to toolchain format
configure:4793: result: func_convert_file_noop
configure:4800: checking for /usr/bin/ld option to reload object files
configure:4807: result: -r
configure:4881: checking for objdump
configure:4897: found /usr/bin/objdump
configure:4908: result: objdump
configure:4940: checking how to recognize dependent libraries
configure:5142: result: pass_all
configure:5227: checking for dlltool
configure:5257: result: no
configure:5287: checking how to associate runtime and link libraries
configure:5314: result: printf %s\n
configure:5375: checking for ar
configure:5391: found /usr/bin/ar
configure:5402: result: ar
configure:5439: checking for archiver @FILE support
configure:5456: cc -c -g -O2  conftest.c >&5
configure:5456: $? = 0
configure:5459: ar cru libconftest.a @conftest.lst >&5
configure:5462: $? = 0
configure:5467: ar cru libconftest.a @conftest.lst >&5
ar: conftest.o: No such file or directory
configure:5470: $? = 1
configure:5482: result: @
configure:5540: checking for strip
configure:5556: found /usr/bin/strip
configure:5567: result: strip
configure:5639: checking for ranlib
configure:5655: found /usr/bin/ranlib
configure:5666: result: ranlib
configure:5768: checking command to parse /usr/bin/nm -B output from cc object
configure:5887: cc -c -g -O2  conftest.c >&5
configure:5890: $? = 0
configure:5894: /usr/bin/nm -B conftest.o \| sed -n -e 's/^.*[ ]\([ABCDGIRSTW][ABCDGIRSTW]*\)[ ][ ]*\([_A-Za-z][_A-Za-z0-9]*\)$/\1 \2 \2/p' | sed '/ __gnu_lto/d' \> conftest.nm
configure:5897: $? = 0
configure:5963: cc -o conftest -g -O2   conftest.c conftstm.o >&5
configure:5966: $? = 0
configure:6004: result: ok
configure:6041: checking for sysroot
configure:6071: result: no
configure:6148: cc -c -g -O2  conftest.c >&5
configure:6151: $? = 0
configure:6314: checking for mt
configure:6330: found /usr/bin/mt
configure:6341: result: mt
configure:6364: checking if mt is a manifest tool
configure:6370: mt '-?'
mt: invalid option -- ?
configure:6378: result: no
configure:7010: checking how to run the C preprocessor
configure:7041: cc -E  conftest.c
configure:7041: $? = 0
configure:7055: cc -E  conftest.c
conftest.c(11): error #2379: cannot open source file "ac_nonexistent.h"
  #include <ac_nonexistent.h>
                             ^

configure:7055: $? = 2
configure: failed program was:
| /* confdefs.h */
| #define PACKAGE_NAME "PROJ.4 Projections"
| #define PACKAGE_TARNAME "proj"
| #define PACKAGE_VERSION "4.8.0"
| #define PACKAGE_STRING "PROJ.4 Projections 4.8.0"
| #define PACKAGE_BUGREPORT "warmerdam@pobox.com"
| #define PACKAGE_URL ""
| #define PACKAGE "proj"
| #define VERSION "4.8.0"
| /* end confdefs.h.  */
| #include <ac_nonexistent.h>
configure:7080: result: cc -E
configure:7100: cc -E  conftest.c
configure:7100: $? = 0
configure:7114: cc -E  conftest.c
conftest.c(11): error #2379: cannot open source file "ac_nonexistent.h"
  #include <ac_nonexistent.h>
                             ^

configure:7114: $? = 2
configure: failed program was:
| /* confdefs.h */
| #define PACKAGE_NAME "PROJ.4 Projections"
| #define PACKAGE_TARNAME "proj"
| #define PACKAGE_VERSION "4.8.0"
| #define PACKAGE_STRING "PROJ.4 Projections 4.8.0"
| #define PACKAGE_BUGREPORT "warmerdam@pobox.com"
| #define PACKAGE_URL ""
| #define PACKAGE "proj"
| #define VERSION "4.8.0"
| /* end confdefs.h.  */
| #include <ac_nonexistent.h>
configure:7143: checking for ANSI C header files
configure:7163: cc -c -g -O2  conftest.c >&5
configure:7163: $? = 0
configure:7236: cc -o conftest -g -O2   conftest.c  >&5
configure:7236: $? = 0
configure:7236: ./conftest
configure:7236: $? = 0
configure:7247: result: yes
configure:7260: checking for sys/types.h
configure:7260: cc -c -g -O2  conftest.c >&5
configure:7260: $? = 0
configure:7260: result: yes
configure:7260: checking for sys/stat.h
configure:7260: cc -c -g -O2  conftest.c >&5
configure:7260: $? = 0
configure:7260: result: yes
configure:7260: checking for stdlib.h
configure:7260: cc -c -g -O2  conftest.c >&5
configure:7260: $? = 0
configure:7260: result: yes
configure:7260: checking for string.h
configure:7260: cc -c -g -O2  conftest.c >&5
configure:7260: $? = 0
configure:7260: result: yes
configure:7260: checking for memory.h
configure:7260: cc -c -g -O2  conftest.c >&5
configure:7260: $? = 0
configure:7260: result: yes
configure:7260: checking for strings.h
configure:7260: cc -c -g -O2  conftest.c >&5
configure:7260: $? = 0
configure:7260: result: yes
configure:7260: checking for inttypes.h
configure:7260: cc -c -g -O2  conftest.c >&5
configure:7260: $? = 0
configure:7260: result: yes
configure:7260: checking for stdint.h
configure:7260: cc -c -g -O2  conftest.c >&5
configure:7260: $? = 0
configure:7260: result: yes
configure:7260: checking for unistd.h
configure:7260: cc -c -g -O2  conftest.c >&5
configure:7260: $? = 0
configure:7260: result: yes
configure:7274: checking for dlfcn.h
configure:7274: cc -c -g -O2  conftest.c >&5
configure:7274: $? = 0
configure:7274: result: yes
configure:7461: checking for objdir
configure:7476: result: .libs
configure:7743: checking if cc supports -fno-rtti -fno-exceptions
configure:7761: cc -c -g -O2  -fno-rtti -fno-exceptions conftest.c >&5
configure:7765: $? = 0
configure:7778: result: yes
configure:8088: checking for cc option to produce PIC
configure:8095: result: -fPIC -DPIC
configure:8103: checking if cc PIC flag -fPIC -DPIC works
configure:8121: cc -c -g -O2  -fPIC -DPIC -DPIC conftest.c >&5
configure:8125: $? = 0
configure:8138: result: yes
configure:8167: checking if cc static flag -static works
configure:8195: result: yes
configure:8210: checking if cc supports -c -o file.o
configure:8231: cc -c -g -O2  -o out/conftest2.o conftest.c >&5
configure:8235: $? = 0
configure:8257: result: yes
configure:8265: checking if cc supports -c -o file.o
configure:8312: result: yes
configure:8345: checking whether the cc linker (/usr/bin/ld -m elf_x86_64) supports shared libraries
configure:9503: result: yes
configure:9748: checking dynamic linker characteristics
configure:10262: cc -o conftest -g -O2   -Wl,-rpath -Wl,/foo conftest.c  >&5
configure:10262: $? = 0
configure:10484: result: GNU/Linux ld.so
configure:10591: checking how to hardcode library paths into programs
configure:10616: result: immediate
configure:11156: checking whether stripping libraries is possible
configure:11161: result: yes
configure:11196: checking if libtool supports shared libraries
configure:11198: result: yes
configure:11201: checking whether to build shared libraries
configure:11222: result: no
configure:11225: checking whether to build static libraries
configure:11229: result: yes
configure:11265: checking for exp in -lm
configure:11290: cc -o conftest -g -O2   conftest.c -lm   >&5
configure:11290: $? = 0
configure:11299: result: yes
configure:11311: checking for ANSI C header files
configure:11415: result: yes
configure:11468: checking jni.h usability
configure:11468: cc -c -g -O2  conftest.c >&5
conftest.c(58): catastrophic error: cannot open source file "jni.h"
  #include <jni.h>
                  ^

compilation aborted for conftest.c (code 4)
configure:11468: $? = 4
configure: failed program was:
| /* confdefs.h */
| #define PACKAGE_NAME "PROJ.4 Projections"
| #define PACKAGE_TARNAME "proj"
| #define PACKAGE_VERSION "4.8.0"
| #define PACKAGE_STRING "PROJ.4 Projections 4.8.0"
| #define PACKAGE_BUGREPORT "warmerdam@pobox.com"
| #define PACKAGE_URL ""
| #define PACKAGE "proj"
| #define VERSION "4.8.0"
| #define STDC_HEADERS 1
| #define HAVE_SYS_TYPES_H 1
| #define HAVE_SYS_STAT_H 1
| #define HAVE_STDLIB_H 1
| #define HAVE_STRING_H 1
| #define HAVE_MEMORY_H 1
| #define HAVE_STRINGS_H 1
| #define HAVE_INTTYPES_H 1
| #define HAVE_STDINT_H 1
| #define HAVE_UNISTD_H 1
| #define HAVE_DLFCN_H 1
| #define LT_OBJDIR ".libs/"
| #define HAVE_LIBM 1
| #define STDC_HEADERS 1
| /* end confdefs.h.  */
| #include <stdio.h>
| #ifdef HAVE_SYS_TYPES_H
| # include <sys/types.h>
| #endif
| #ifdef HAVE_SYS_STAT_H
| # include <sys/stat.h>
| #endif
| #ifdef STDC_HEADERS
| # include <stdlib.h>
| # include <stddef.h>
| #else
| # ifdef HAVE_STDLIB_H
| #  include <stdlib.h>
| # endif
| #endif
| #ifdef HAVE_STRING_H
| # if !defined STDC_HEADERS && defined HAVE_MEMORY_H
| #  include <memory.h>
| # endif
| # include <string.h>
| #endif
| #ifdef HAVE_STRINGS_H
| # include <strings.h>
| #endif
| #ifdef HAVE_INTTYPES_H
| # include <inttypes.h>
| #endif
| #ifdef HAVE_STDINT_H
| # include <stdint.h>
| #endif
| #ifdef HAVE_UNISTD_H
| # include <unistd.h>
| #endif
| #include <jni.h>
configure:11468: result: no
configure:11468: checking jni.h presence
configure:11468: cc -E  conftest.c
conftest.c(25): error #2379: cannot open source file "jni.h"
  #include <jni.h>
                  ^

configure:11468: $? = 2
configure: failed program was:
| /* confdefs.h */
| #define PACKAGE_NAME "PROJ.4 Projections"
| #define PACKAGE_TARNAME "proj"
| #define PACKAGE_VERSION "4.8.0"
| #define PACKAGE_STRING "PROJ.4 Projections 4.8.0"
| #define PACKAGE_BUGREPORT "warmerdam@pobox.com"
| #define PACKAGE_URL ""
| #define PACKAGE "proj"
| #define VERSION "4.8.0"
| #define STDC_HEADERS 1
| #define HAVE_SYS_TYPES_H 1
| #define HAVE_SYS_STAT_H 1
| #define HAVE_STDLIB_H 1
| #define HAVE_STRING_H 1
| #define HAVE_MEMORY_H 1
| #define HAVE_STRINGS_H 1
| #define HAVE_INTTYPES_H 1
| #define HAVE_STDINT_H 1
| #define HAVE_UNISTD_H 1
| #define HAVE_DLFCN_H 1
| #define LT_OBJDIR ".libs/"
| #define HAVE_LIBM 1
| #define STDC_HEADERS 1
| /* end confdefs.h.  */
| #include <jni.h>
configure:11468: result: no
configure:11468: checking for jni.h
configure:11468: result: no
configure:11479: checking whether to enable Java/JNI support
configure:11483: result: disabled
configure:11512: checking for mutexes
configure:11516: result: enabled, pthread
configure:11663: creating ./config.status

## ---------------------- ##
## Running config.status. ##
## ---------------------- ##

This file was extended by PROJ.4 Projections config.status 4.8.0, which was
generated by GNU Autoconf 2.68.  Invocation command line was

  CONFIG_FILES    = 
  CONFIG_HEADERS  = 
  CONFIG_LINKS    = 
  CONFIG_COMMANDS = 
  $ ./config.status 

on slogin2

config.status:1102: creating Makefile
config.status:1102: creating src/Makefile
config.status:1102: creating man/Makefile
config.status:1102: creating man/man1/Makefile
config.status:1102: creating man/man3/Makefile
config.status:1102: creating nad/Makefile
config.status:1102: creating jniwrap/Makefile
config.status:1102: creating jniwrap/org/Makefile
config.status:1102: creating jniwrap/org/proj4/Makefile
config.status:1102: creating src/proj_config.h
config.status:1283: src/proj_config.h is unchanged
config.status:1331: executing depfiles commands
config.status:1331: executing libtool commands
configure:14051: creating ./config.status

## ---------------------- ##
## Running config.status. ##
## ---------------------- ##

This file was extended by PROJ.4 Projections config.status 4.8.0, which was
generated by GNU Autoconf 2.68.  Invocation command line was

  CONFIG_FILES    = 
  CONFIG_HEADERS  = 
  CONFIG_LINKS    = 
  CONFIG_COMMANDS = 
  $ ./config.status 

on slogin2

config.status:1104: creating Makefile
config.status:1104: creating src/Makefile
config.status:1104: creating man/Makefile
config.status:1104: creating man/man1/Makefile
config.status:1104: creating man/man3/Makefile
config.status:1104: creating nad/Makefile
config.status:1104: creating jniwrap/Makefile
config.status:1104: creating jniwrap/org/Makefile
config.status:1104: creating jniwrap/org/proj4/Makefile
config.status:1104: creating proj.pc
config.status:1104: creating src/proj_config.h
config.status:1285: src/proj_config.h is unchanged
config.status:1333: executing depfiles commands
config.status:1333: executing libtool commands

## ---------------- ##
## Cache variables. ##
## ---------------- ##

ac_cv_build=x86_64-unknown-linux-gnu
ac_cv_c_compiler_gnu=yes
ac_cv_env_CC_set=set
ac_cv_env_CC_value=cc
ac_cv_env_CFLAGS_set=
ac_cv_env_CFLAGS_value=
ac_cv_env_CPPFLAGS_set=
ac_cv_env_CPPFLAGS_value=
ac_cv_env_CPP_set=
ac_cv_env_CPP_value=
ac_cv_env_LDFLAGS_set=
ac_cv_env_LDFLAGS_value=
ac_cv_env_LIBS_set=
ac_cv_env_LIBS_value=
ac_cv_env_build_alias_set=
ac_cv_env_build_alias_value=
ac_cv_env_host_alias_set=
ac_cv_env_host_alias_value=
ac_cv_env_target_alias_set=
ac_cv_env_target_alias_value=
ac_cv_header_dlfcn_h=yes
ac_cv_header_inttypes_h=yes
ac_cv_header_jni_h=no
ac_cv_header_memory_h=yes
ac_cv_header_stdc=yes
ac_cv_header_stdint_h=yes
ac_cv_header_stdlib_h=yes
ac_cv_header_string_h=yes
ac_cv_header_strings_h=yes
ac_cv_header_sys_stat_h=yes
ac_cv_header_sys_types_h=yes
ac_cv_header_unistd_h=yes
ac_cv_host=x86_64-unknown-linux-gnu
ac_cv_lib_m_exp=yes
ac_cv_objext=o
ac_cv_path_EGREP='/usr/bin/grep -E'
ac_cv_path_FGREP='/usr/bin/grep -F'
ac_cv_path_GREP=/usr/bin/grep
ac_cv_path_SED=/usr/bin/sed
ac_cv_path_install='/usr/bin/install -c'
ac_cv_path_mkdir=/bin/mkdir
ac_cv_prog_AWK=gawk
ac_cv_prog_CPP='cc -E'
ac_cv_prog_ac_ct_AR=ar
ac_cv_prog_ac_ct_CC=cc
ac_cv_prog_ac_ct_MANIFEST_TOOL=mt
ac_cv_prog_ac_ct_OBJDUMP=objdump
ac_cv_prog_ac_ct_RANLIB=ranlib
ac_cv_prog_ac_ct_STRIP=strip
ac_cv_prog_cc_c89=
ac_cv_prog_cc_g=yes
ac_cv_prog_make_make_set=yes
am_cv_CC_dependencies_compiler_type=gcc3
lt_cv_ar_at_file=@
lt_cv_deplibs_check_method=pass_all
lt_cv_file_magic_cmd='$MAGIC_CMD'
lt_cv_file_magic_test_file=
lt_cv_ld_reload_flag=-r
lt_cv_nm_interface='BSD nm'
lt_cv_objdir=.libs
lt_cv_path_LD=/usr/bin/ld
lt_cv_path_NM='/usr/bin/nm -B'
lt_cv_path_mainfest_tool=no
lt_cv_prog_compiler_c_o=yes
lt_cv_prog_compiler_pic='-fPIC -DPIC'
lt_cv_prog_compiler_pic_works=yes
lt_cv_prog_compiler_rtti_exceptions=yes
lt_cv_prog_compiler_static_works=yes
lt_cv_prog_gnu_ld=yes
lt_cv_sharedlib_from_linklib_cmd='printf %s\n'
lt_cv_shlibpath_overrides_runpath=no
lt_cv_sys_global_symbol_pipe='sed -n -e '\''s/^.*[	 ]\([ABCDGIRSTW][ABCDGIRSTW]*\)[	 ][	 ]*\([_A-Za-z][_A-Za-z0-9]*\)$/\1 \2 \2/p'\'' | sed '\''/ __gnu_lto/d'\'''
lt_cv_sys_global_symbol_to_c_name_address='sed -n -e '\''s/^: \([^ ]*\)[ ]*$/  {\"\1\", (void *) 0},/p'\'' -e '\''s/^[ABCDGIRSTW]* \([^ ]*\) \([^ ]*\)$/  {"\2", (void *) \&\2},/p'\'''
lt_cv_sys_global_symbol_to_c_name_address_lib_prefix='sed -n -e '\''s/^: \([^ ]*\)[ ]*$/  {\"\1\", (void *) 0},/p'\'' -e '\''s/^[ABCDGIRSTW]* \([^ ]*\) \(lib[^ ]*\)$/  {"\2", (void *) \&\2},/p'\'' -e '\''s/^[ABCDGIRSTW]* \([^ ]*\) \([^ ]*\)$/  {"lib\2", (void *) \&\2},/p'\'''
lt_cv_sys_global_symbol_to_cdecl='sed -n -e '\''s/^T .* \(.*\)$/extern int \1();/p'\'' -e '\''s/^[ABCDGIRSTW]* .* \(.*\)$/extern char \1;/p'\'''
lt_cv_sys_max_cmd_len=3458764513820540925
lt_cv_to_host_file_cmd=func_convert_file_noop
lt_cv_to_tool_file_cmd=func_convert_file_noop

## ----------------- ##
## Output variables. ##
## ----------------- ##

ACLOCAL='${SHELL} /gpfs/hps/nco/ops/nwtest/grib_util.v1.0.4/sorc/wgrib2_v2.0.5/sorc/proj-4.8.0/missing --run aclocal-1.11'
AMDEPBACKSLASH='\'
AMDEP_FALSE='#'
AMDEP_TRUE=''
AMTAR='${SHELL} /gpfs/hps/nco/ops/nwtest/grib_util.v1.0.4/sorc/wgrib2_v2.0.5/sorc/proj-4.8.0/missing --run tar'
AR='ar'
AUTOCONF='${SHELL} /gpfs/hps/nco/ops/nwtest/grib_util.v1.0.4/sorc/wgrib2_v2.0.5/sorc/proj-4.8.0/missing --run autoconf'
AUTOHEADER='${SHELL} /gpfs/hps/nco/ops/nwtest/grib_util.v1.0.4/sorc/wgrib2_v2.0.5/sorc/proj-4.8.0/missing --run autoheader'
AUTOMAKE='${SHELL} /gpfs/hps/nco/ops/nwtest/grib_util.v1.0.4/sorc/wgrib2_v2.0.5/sorc/proj-4.8.0/missing --run automake-1.11'
AWK='gawk'
CC='cc'
CCDEPMODE='depmode=gcc3'
CFLAGS='-g -O2'
CPP='cc -E'
CPPFLAGS=''
CYGPATH_W='echo'
DEFS='-DHAVE_CONFIG_H'
DEPDIR='.deps'
DLLTOOL='false'
DSYMUTIL=''
DUMPBIN=''
ECHO_C=''
ECHO_N='-n'
ECHO_T=''
EGREP='/usr/bin/grep -E'
EXEEXT=''
FGREP='/usr/bin/grep -F'
GREP='/usr/bin/grep'
INSTALL_DATA='${INSTALL} -m 644'
INSTALL_PROGRAM='${INSTALL}'
INSTALL_SCRIPT='${INSTALL}'
INSTALL_STRIP_PROGRAM='$(install_sh) -c -s'
JNI_INCLUDE=''
LD='/usr/bin/ld -m elf_x86_64'
LDFLAGS=''
LIBOBJS=''
LIBS='-lm '
LIBTOOL='$(SHELL) $(top_builddir)/libtool'
LIPO=''
LN_S='ln -s'
LTLIBOBJS=''
MAINT='#'
MAINTAINER_MODE_FALSE=''
MAINTAINER_MODE_TRUE='#'
MAKEINFO='${SHELL} /gpfs/hps/nco/ops/nwtest/grib_util.v1.0.4/sorc/wgrib2_v2.0.5/sorc/proj-4.8.0/missing --run makeinfo'
MANIFEST_TOOL=':'
MKDIR_P='/bin/mkdir -p'
MUTEX_SETTING='pthread'
NM='/usr/bin/nm -B'
NMEDIT=''
OBJDUMP='objdump'
OBJEXT='o'
OTOOL64=''
OTOOL=''
PACKAGE='proj'
PACKAGE_BUGREPORT='warmerdam@pobox.com'
PACKAGE_NAME='PROJ.4 Projections'
PACKAGE_STRING='PROJ.4 Projections 4.8.0'
PACKAGE_TARNAME='proj'
PACKAGE_URL=''
PACKAGE_VERSION='4.8.0'
PATH_SEPARATOR=':'
RANLIB='ranlib'
SED='/usr/bin/sed'
SET_MAKE=''
SHELL='/bin/sh'
STRIP='strip'
VERSION='4.8.0'
ac_ct_AR='ar'
ac_ct_CC='cc'
ac_ct_DUMPBIN=''
am__EXEEXT_FALSE=''
am__EXEEXT_TRUE='#'
am__fastdepCC_FALSE='#'
am__fastdepCC_TRUE=''
am__include='include'
am__isrc=''
am__leading_dot='.'
am__quote=''
am__tar='${AMTAR} chof - "$$tardir"'
am__untar='${AMTAR} xf -'
bindir='${exec_prefix}/bin'
build='x86_64-unknown-linux-gnu'
build_alias=''
build_cpu='x86_64'
build_os='linux-gnu'
build_vendor='unknown'
datadir='${datarootdir}'
datarootdir='${prefix}/share'
docdir='${datarootdir}/doc/${PACKAGE_TARNAME}'
dvidir='${docdir}'
exec_prefix='${prefix}'
host='x86_64-unknown-linux-gnu'
host_alias=''
host_cpu='x86_64'
host_os='linux-gnu'
host_vendor='unknown'
htmldir='${docdir}'
includedir='${prefix}/include'
infodir='${datarootdir}/info'
install_sh='${SHELL} /gpfs/hps/nco/ops/nwtest/grib_util.v1.0.4/sorc/wgrib2_v2.0.5/sorc/proj-4.8.0/install-sh'
libdir='${exec_prefix}/lib'
libexecdir='${exec_prefix}/libexec'
localedir='${datarootdir}/locale'
localstatedir='${prefix}/var'
mandir='${datarootdir}/man'
mkdir_p='/bin/mkdir -p'
oldincludedir='/usr/include'
pdfdir='${docdir}'
prefix='/gpfs/hps/nco/ops/nwtest/grib_util.v1.0.4/sorc/wgrib2_v2.0.5'
program_transform_name='s,x,x,'
psdir='${docdir}'
sbindir='${exec_prefix}/sbin'
sharedstatedir='${prefix}/com'
sysconfdir='${prefix}/etc'
target_alias=''

## ----------- ##
## confdefs.h. ##
## ----------- ##

/* confdefs.h */
#define PACKAGE_NAME "PROJ.4 Projections"
#define PACKAGE_TARNAME "proj"
#define PACKAGE_VERSION "4.8.0"
#define PACKAGE_STRING "PROJ.4 Projections 4.8.0"
#define PACKAGE_BUGREPORT "warmerdam@pobox.com"
#define PACKAGE_URL ""
#define PACKAGE "proj"
#define VERSION "4.8.0"
#define STDC_HEADERS 1
#define HAVE_SYS_TYPES_H 1
#define HAVE_SYS_STAT_H 1
#define HAVE_STDLIB_H 1
#define HAVE_STRING_H 1
#define HAVE_MEMORY_H 1
#define HAVE_STRINGS_H 1
#define HAVE_INTTYPES_H 1
#define HAVE_STDINT_H 1
#define HAVE_UNISTD_H 1
#define HAVE_DLFCN_H 1
#define LT_OBJDIR ".libs/"
#define HAVE_LIBM 1
#define STDC_HEADERS 1

configure: exit 0
