Currently Loaded Modulefiles:
  1) modules/3.2.6.7
  2) eswrap/1.1.0-1.020200.1231.0
  3) switch/1.0-1.0502.57058.1.58.ari
  4) /opt/cray/craype/default/modulefiles/craype-network-aries
  5) ncep/1.0
  6) craype-sandybridge
  7) xt-lsfhpc/9.1.3
  8) iobuf/2.0.5
  9) craype/2.3.0
 10) intel/15.0.3.187
 11) cray-libsci/13.0.3
 12) udreg/2.3.2-1.0502.9889.2.20.ari
 13) ugni/6.0-1.0502.10245.9.9.ari
 14) pmi/5.0.6-1.0000.10439.140.2.ari
 15) dmapp/7.0.1-1.0502.10246.8.47.ari
 16) gni-headers/4.0-1.0502.10317.9.2.ari
 17) xpmem/0.1-2.0502.57015.1.15.ari
 18) dvs/2.5_0.9.0-1.0502.1958.2.55.ari
 19) alps/5.2.3-2.0502.9295.14.14.ari
 20) rca/1.0.0-2.0502.57212.2.56.ari
 21) atp/1.8.1
 22) PrgEnv-intel/5.2.56
cc -O3 -m64  -axCORE-AVX2 -o wgrib -DDEF_T62_NCEP_TABLE=opn -DFAST_GRIBTAB -DP_TABLE_FIRST wgrib.c
wgrib.c(495): (col. 33) remark: main has been targeted for automatic cpu dispatch
wgrib.c(2450): (col. 50) remark: missing_points has been targeted for automatic cpu dispatch
wgrib.c(1710): (col. 47) remark: BDS_unpack has been targeted for automatic cpu dispatch
wgrib.c(1834): (col. 44) remark: flt2ieee has been targeted for automatic cpu dispatch
wgrib.c(1905): (col. 60) remark: wrtieee has been targeted for automatic cpu dispatch
wgrib.c(10894): (col. 30) remark: GDS_grid has been targeted for automatic cpu dispatch
