Currently Loaded Modulefiles:
  1) modules/3.2.6.7
  2) eswrap/1.1.0-1.020200.1231.0
  3) switch/1.0-1.0502.54233.2.96.ari
  4) craype-network-aries
  5) ncep/1.0
  6) craype-sandybridge
  7) xt-lsfhpc/9.1.3
  8) craype/2.3.0
  9) intel/15.0.3.187
 10) cray-libsci/13.0.3
 11) udreg/2.3.2-1.0502.9275.1.12.ari
 12) ugni/5.0-1.0502.9685.4.24.ari
 13) pmi/5.0.6-1.0000.10439.140.2.ari
 14) dmapp/7.0.1-1.0502.9501.5.219.ari
 15) gni-headers/3.0-1.0502.9684.5.2.ari
 16) xpmem/0.1-2.0502.55507.3.2.ari
 17) dvs/2.5_0.9.0-1.0502.1873.1.145.ari
 18) alps/5.2.1-2.0502.9041.11.6.ari
 19) rca/1.0.0-2.0502.53711.3.127.ari
 20) atp/1.8.1
 21) PrgEnv-intel/5.2.40
icc -O3 -m64 -o wgrib -DDEF_T62_NCEP_TABLE=opn -DFAST_GRIBTAB -DP_TABLE_FIRST wgrib.c
