This file contains any messages produced by compilers while
running configure, to aid debugging if configure makes a mistake.

It was created by libaec configure 0.3.4, which was
generated by GNU Autoconf 2.69.  Invocation command line was

  $ ./configure CC=cc --prefix=/gpfs/hps/nco/ops/nwtest/grib_util.v1.0.4/sorc/wgrib2_v2.0.5 --disable-shared

## --------- ##
## Platform. ##
## --------- ##

hostname = slogin2
uname -m = x86_64
uname -r = 3.0.101-0.46-default
uname -s = Linux
uname -v = #1 SMP Wed Dec 17 11:04:10 UTC 2014 (8356111)

/usr/bin/uname -p = unknown
/bin/uname -X     = unknown

/bin/arch              = x86_64
/usr/bin/arch -k       = unknown
/usr/convex/getsysinfo = unknown
/usr/bin/hostinfo      = unknown
/bin/machine           = unknown
/usr/bin/oslevel       = unknown
/bin/universe          = unknown

PATH: /opt/intel/composer_xe_2015.6.233/bin/intel64
PATH: /opt/intel/composer_xe_2015.6.233/debugger/gdb/intel64_mic/bin
PATH: /opt/cray/rca/1.0.0-2.0502.57212.2.56.ari/bin
PATH: /opt/cray/alps/5.2.3-2.0502.9295.14.14.ari/sbin
PATH: /opt/cray/alps/5.2.3-2.0502.9295.14.14.ari/bin
PATH: /opt/cray/dvs/2.5_0.9.0-1.0502.1958.2.55.ari/bin
PATH: /opt/cray/xpmem/0.1-2.0502.57015.1.15.ari/bin
PATH: /opt/cray/pmi/5.0.6-1.0000.10439.140.2.ari/bin
PATH: /opt/cray/ugni/6.0-1.0502.10245.9.9.ari/bin
PATH: /opt/cray/udreg/2.3.2-1.0502.9889.2.20.ari/bin
PATH: /opt/cray/craype/2.3.0/bin
PATH: /u/Kit.Menlove/bin
PATH: /gpfs/gp1/nco/ops/nwprod/spa_util
PATH: /gpfs/gp1/nco/ops/nwprod/spa_util/jobinfo
PATH: /u/Kit.Menlove/bin
PATH: /usr/local/bin
PATH: /usr/bin
PATH: /bin
PATH: /usr/bin/X11
PATH: /usr/X11R6/bin
PATH: /usr/games
PATH: /opt/bin
PATH: /usr/lib/mit/bin
PATH: /usr/lib/mit/sbin
PATH: /sbin
PATH: /usr/sbin
PATH: .
PATH: /usr/lib/qt3/bin
PATH: /gpfs/gp1/u/Kit.Menlove/bin
PATH: /opt/cray/bin


## ----------- ##
## Core tests. ##
## ----------- ##

configure:2428: checking build system type
configure:2442: result: x86_64-unknown-linux-gnu
configure:2462: checking host system type
configure:2475: result: x86_64-unknown-linux-gnu
configure:2516: checking how to print strings
configure:2543: result: printf
configure:2615: checking for gcc
configure:2642: result: cc
configure:2871: checking for C compiler version
configure:2880: cc --version >&5
icc (ICC) 15.0.6 20151119
Copyright (C) 1985-2015 Intel Corporation.  All rights reserved.

configure:2891: $? = 0
configure:2880: cc -v >&5
icc: warning #10315: specifying -lm before files may supersede the Intel(R) math library and affect performance
icc: warning #10315: specifying -lm before files may supersede the Intel(R) math library and affect performance
icc: warning #10315: specifying -lm before files may supersede the Intel(R) math library and affect performance
icc version 15.0.6 (gcc version 4.3.0 compatibility)
ld    /usr/lib64/gcc/x86_64-suse-linux/4.3/../../../../lib64/crt1.o /usr/lib64/gcc/x86_64-suse-linux/4.3/../../../../lib64/crti.o /usr/lib64/gcc/x86_64-suse-linux/4.3/crtbeginT.o --build-id -static -m elf_x86_64 -L/opt/cray/dmapp/default/lib64 -L/opt/cray/mpt/7.2.0/gni/mpich2-intel/140/lib -L/opt/cray/libsci/13.0.3/INTEL/140/x86_64/lib -L/opt/cray/rca/1.0.0-2.0502.57212.2.56.ari/lib64 -L/opt/cray/alps/5.2.3-2.0502.9295.14.14.ari/lib64 -L/opt/cray/xpmem/0.1-2.0502.57015.1.15.ari/lib64 -L/opt/cray/pmi/5.0.6-1.0000.10439.140.2.ari/lib64 -L/opt/cray/ugni/6.0-1.0502.10245.9.9.ari/lib64 -L/opt/cray/udreg/2.3.2-1.0502.9889.2.20.ari/lib64 -L/opt/cray/atp/1.8.1/libApp -L/opt/cray/wlm_detect/1.0-1.0502.57063.1.1.ari/lib64 -o a.out -L/opt/intel/composer_xe_2015.6.233/compiler/lib/intel64 -L/opt/intel/composer_xe_2015.6.233/ipp/../compiler/lib/intel64 -L/opt/intel/composer_xe_2015.6.233/ipp/lib/intel64 -L/opt/intel/composer_xe_2015.6.233/compiler/lib/intel64 -L/opt/intel/composer_xe_2015.6.233/mkl/lib/intel64 -L/opt/intel/composer_xe_2015.6.233/tbb/lib/intel64/gcc4.1 -L/opt/intel/composer_xe_2015.6.233/compiler/lib/intel64 -L/usr/lib64/gcc/x86_64-suse-linux/4.3/ -L/usr/lib64/gcc/x86_64-suse-linux/4.3/../../../../lib64 -L/usr/lib64/gcc/x86_64-suse-linux/4.3/../../../../lib64/ -L/lib/../lib64 -L/lib/../lib64/ -L/usr/lib/../lib64 -L/usr/lib/../lib64/ -L/opt/intel/composer_xe_2015.6.233/compiler/lib/intel64/ -L/opt/intel/composer_xe_2015.6.233/ipp/../compiler/lib/intel64/ -L/opt/intel/composer_xe_2015.6.233/ipp/lib/intel64/ -L/opt/intel/composer_xe_2015.6.233/mkl/lib/intel64/ -L/opt/intel/composer_xe_2015.6.233/tbb/lib/intel64/gcc4.1/ -L/usr/lib64/gcc/x86_64-suse-linux/4.3/../../../../x86_64-suse-linux/lib/ -L/usr/lib64/gcc/x86_64-suse-linux/4.3/../../../ -L/lib64 -L/lib/ -L/usr/lib64 -L/usr/lib -lAtpSigHandler -lAtpSigHCommData --undefined=_ATP_Data_Globals --undefined=__atpHandlerInstall -lpthread -lsci_intel_mpi -lsci_intel -L/opt/intel/composer_xe_2015.6.233/compiler/lib/intel64 -limf -lm -ldl -lmpich_intel -lrt -lugni -lpthread -lpmi -L/opt/intel/composer_xe_2015.6.233/compiler/lib/intel64 -limf -lm -ldl -lpmi -lpthread -lalpslli -lpthread -lwlm_detect -lalpsutil -lpthread -lrca -lxpmem -lugni -lpthread -ludreg -lsci_intel -L/opt/intel/composer_xe_2015.6.233/compiler/lib/intel64 -limf -lm -ldl --as-needed -limf --no-as-needed --as-needed -lm --no-as-needed --as-needed -lifcore --no-as-needed --as-needed -lifport --no-as-needed --as-needed -lpthread --no-as-needed -limf -lsvml -lirng -lm -lipgo -ldecimal -lgcc -lgcc_eh -lirc -lsvml -lc -lgcc -lgcc_eh -lirc_s -ldl -lc /usr/lib64/gcc/x86_64-suse-linux/4.3/crtend.o /usr/lib64/gcc/x86_64-suse-linux/4.3/../../../../lib64/crtn.o
/opt/intel/composer_xe_2015.6.233/compiler/lib/intel64/libifcore.a(for_main.o): In function `main':
for_main.c:(.text+0x3e): undefined reference to `MAIN__'
configure:2891: $? = 1
configure:2880: cc -V >&5
Intel(R) C Intel(R) 64 Compiler XE for applications running on Intel(R) 64, Version 15.0.6.233 Build 20151119
Copyright (C) 1985-2015 Intel Corporation.  All rights reserved.

configure:2891: $? = 0
configure:2880: cc -qversion >&5
icc: command line warning #10006: ignoring unknown option '-qversion'
icc: warning #10315: specifying -lm before files may supersede the Intel(R) math library and affect performance
icc: warning #10315: specifying -lm before files may supersede the Intel(R) math library and affect performance
icc: warning #10315: specifying -lm before files may supersede the Intel(R) math library and affect performance
/opt/intel/composer_xe_2015.6.233/compiler/lib/intel64/libifcore.a(for_main.o): In function `main':
for_main.c:(.text+0x3e): undefined reference to `MAIN__'
configure:2891: $? = 1
configure:2911: checking whether the C compiler works
configure:2933: cc    conftest.c  >&5
configure:2937: $? = 0
configure:2985: result: yes
configure:2988: checking for C compiler default output file name
configure:2990: result: a.out
configure:2996: checking for suffix of executables
configure:3003: cc -o conftest    conftest.c  >&5
configure:3007: $? = 0
configure:3029: result: 
configure:3051: checking whether we are cross compiling
configure:3059: cc -o conftest    conftest.c  >&5
configure:3063: $? = 0
configure:3070: ./conftest
configure:3074: $? = 0
configure:3089: result: no
configure:3094: checking for suffix of object files
configure:3116: cc -c   conftest.c >&5
configure:3120: $? = 0
configure:3141: result: o
configure:3145: checking whether we are using the GNU C compiler
configure:3164: cc -c   conftest.c >&5
configure:3164: $? = 0
configure:3173: result: yes
configure:3182: checking whether cc accepts -g
configure:3202: cc -c -g  conftest.c >&5
configure:3202: $? = 0
configure:3243: result: yes
configure:3260: checking for cc option to accept ISO C89
configure:3323: cc  -c -g -O2  conftest.c >&5
configure:3323: $? = 0
configure:3336: result: none needed
configure:3361: checking whether cc understands -c and -o together
configure:3383: cc -c conftest.c -o conftest2.o
configure:3386: $? = 0
configure:3383: cc -c conftest.c -o conftest2.o
configure:3386: $? = 0
configure:3398: result: yes
configure:3415: checking for a sed that does not truncate output
configure:3479: result: /usr/bin/sed
configure:3497: checking for grep that handles long lines and -e
configure:3555: result: /usr/bin/grep
configure:3560: checking for egrep
configure:3622: result: /usr/bin/grep -E
configure:3627: checking for fgrep
configure:3689: result: /usr/bin/grep -F
configure:3724: checking for ld used by cc
icc: warning #10315: specifying -lm before files may supersede the Intel(R) math library and affect performance
icc: warning #10315: specifying -lm before files may supersede the Intel(R) math library and affect performance
icc: warning #10315: specifying -lm before files may supersede the Intel(R) math library and affect performance
configure:3791: result: /usr/bin/ld
configure:3798: checking if the linker (/usr/bin/ld) is GNU ld
configure:3813: result: yes
configure:3825: checking for BSD- or MS-compatible name lister (nm)
configure:3879: result: /usr/bin/nm -B
configure:4009: checking the name lister (/usr/bin/nm -B) interface
configure:4016: cc -c -g -O2  conftest.c >&5
configure:4019: /usr/bin/nm -B "conftest.o"
configure:4022: output
0000000000000000 N .debug_info_seg
0000000000000000 B some_variable
configure:4029: result: BSD nm
configure:4032: checking whether ln -s works
configure:4036: result: yes
configure:4044: checking the maximum length of command line arguments
configure:4175: result: 3458764513820540925
configure:4223: checking how to convert x86_64-unknown-linux-gnu file names to x86_64-unknown-linux-gnu format
configure:4263: result: func_convert_file_noop
configure:4270: checking how to convert x86_64-unknown-linux-gnu file names to toolchain format
configure:4290: result: func_convert_file_noop
configure:4297: checking for /usr/bin/ld option to reload object files
configure:4304: result: -r
configure:4378: checking for objdump
configure:4394: found /usr/bin/objdump
configure:4405: result: objdump
configure:4437: checking how to recognize dependent libraries
configure:4637: result: pass_all
configure:4722: checking for dlltool
configure:4752: result: no
configure:4782: checking how to associate runtime and link libraries
configure:4809: result: printf %s\n
configure:4870: checking for ar
configure:4886: found /usr/bin/ar
configure:4897: result: ar
configure:4934: checking for archiver @FILE support
configure:4951: cc -c -g -O2  conftest.c >&5
configure:4951: $? = 0
configure:4954: ar cru libconftest.a @conftest.lst >&5
configure:4957: $? = 0
configure:4962: ar cru libconftest.a @conftest.lst >&5
ar: conftest.o: No such file or directory
configure:4965: $? = 1
configure:4977: result: @
configure:5035: checking for strip
configure:5051: found /usr/bin/strip
configure:5062: result: strip
configure:5134: checking for ranlib
configure:5150: found /usr/bin/ranlib
configure:5161: result: ranlib
configure:5238: checking for gawk
configure:5254: found /usr/bin/gawk
configure:5265: result: gawk
configure:5305: checking command to parse /usr/bin/nm -B output from cc object
configure:5458: cc -c -g -O2  conftest.c >&5
configure:5461: $? = 0
configure:5465: /usr/bin/nm -B conftest.o \| sed -n -e 's/^.*[ ]\([ABCDGIRSTW][ABCDGIRSTW]*\)[ ][ ]*\([_A-Za-z][_A-Za-z0-9]*\)$/\1 \2 \2/p' | sed '/ __gnu_lto/d' \> conftest.nm
configure:5468: $? = 0
configure:5534: cc -o conftest -g -O2   conftest.c conftstm.o >&5
configure:5537: $? = 0
configure:5575: result: ok
configure:5622: checking for sysroot
configure:5652: result: no
configure:5659: checking for a working dd
configure:5697: result: /bin/dd
configure:5701: checking how to truncate binary pipes
configure:5716: result: /bin/dd bs=4096 count=1
configure:5852: cc -c -g -O2  conftest.c >&5
configure:5855: $? = 0
configure:6045: checking for mt
configure:6061: found /usr/bin/mt
configure:6072: result: mt
configure:6095: checking if mt is a manifest tool
configure:6101: mt '-?'
mt: invalid option -- ?
configure:6109: result: no
configure:6786: checking how to run the C preprocessor
configure:6817: cc -E  conftest.c
configure:6817: $? = 0
configure:6831: cc -E  conftest.c
conftest.c(9): error #2379: cannot open source file "ac_nonexistent.h"
  #include <ac_nonexistent.h>
                             ^

configure:6831: $? = 2
configure: failed program was:
| /* confdefs.h */
| #define PACKAGE_NAME "libaec"
| #define PACKAGE_TARNAME "libaec"
| #define PACKAGE_VERSION "0.3.4"
| #define PACKAGE_STRING "libaec 0.3.4"
| #define PACKAGE_BUGREPORT "rosenhauer@dkrz.de"
| #define PACKAGE_URL ""
| /* end confdefs.h.  */
| #include <ac_nonexistent.h>
configure:6856: result: cc -E
configure:6876: cc -E  conftest.c
configure:6876: $? = 0
configure:6890: cc -E  conftest.c
conftest.c(9): error #2379: cannot open source file "ac_nonexistent.h"
  #include <ac_nonexistent.h>
                             ^

configure:6890: $? = 2
configure: failed program was:
| /* confdefs.h */
| #define PACKAGE_NAME "libaec"
| #define PACKAGE_TARNAME "libaec"
| #define PACKAGE_VERSION "0.3.4"
| #define PACKAGE_STRING "libaec 0.3.4"
| #define PACKAGE_BUGREPORT "rosenhauer@dkrz.de"
| #define PACKAGE_URL ""
| /* end confdefs.h.  */
| #include <ac_nonexistent.h>
configure:6919: checking for ANSI C header files
configure:6939: cc -c -g -O2  conftest.c >&5
configure:6939: $? = 0
configure:7012: cc -o conftest -g -O2   conftest.c  >&5
configure:7012: $? = 0
configure:7012: ./conftest
configure:7012: $? = 0
configure:7023: result: yes
configure:7036: checking for sys/types.h
configure:7036: cc -c -g -O2  conftest.c >&5
configure:7036: $? = 0
configure:7036: result: yes
configure:7036: checking for sys/stat.h
configure:7036: cc -c -g -O2  conftest.c >&5
configure:7036: $? = 0
configure:7036: result: yes
configure:7036: checking for stdlib.h
configure:7036: cc -c -g -O2  conftest.c >&5
configure:7036: $? = 0
configure:7036: result: yes
configure:7036: checking for string.h
configure:7036: cc -c -g -O2  conftest.c >&5
configure:7036: $? = 0
configure:7036: result: yes
configure:7036: checking for memory.h
configure:7036: cc -c -g -O2  conftest.c >&5
configure:7036: $? = 0
configure:7036: result: yes
configure:7036: checking for strings.h
configure:7036: cc -c -g -O2  conftest.c >&5
configure:7036: $? = 0
configure:7036: result: yes
configure:7036: checking for inttypes.h
configure:7036: cc -c -g -O2  conftest.c >&5
configure:7036: $? = 0
configure:7036: result: yes
configure:7036: checking for stdint.h
configure:7036: cc -c -g -O2  conftest.c >&5
configure:7036: $? = 0
configure:7036: result: yes
configure:7036: checking for unistd.h
configure:7036: cc -c -g -O2  conftest.c >&5
configure:7036: $? = 0
configure:7036: result: yes
configure:7050: checking for dlfcn.h
configure:7050: cc -c -g -O2  conftest.c >&5
configure:7050: $? = 0
configure:7050: result: yes
configure:7306: checking for objdir
configure:7321: result: .libs
configure:7585: checking if cc supports -fno-rtti -fno-exceptions
configure:7603: cc -c -g -O2  -fno-rtti -fno-exceptions conftest.c >&5
configure:7607: $? = 0
configure:7620: result: yes
configure:7978: checking for cc option to produce PIC
configure:7985: result: -fPIC -DPIC
configure:7993: checking if cc PIC flag -fPIC -DPIC works
configure:8011: cc -c -g -O2  -fPIC -DPIC -DPIC conftest.c >&5
configure:8015: $? = 0
configure:8028: result: yes
configure:8057: checking if cc static flag -static works
configure:8085: result: yes
configure:8100: checking if cc supports -c -o file.o
configure:8121: cc -c -g -O2  -o out/conftest2.o conftest.c >&5
configure:8125: $? = 0
configure:8147: result: yes
configure:8155: checking if cc supports -c -o file.o
configure:8202: result: yes
configure:8235: checking whether the cc linker (/usr/bin/ld -m elf_x86_64) supports shared libraries
configure:9498: result: yes
configure:9738: checking dynamic linker characteristics
configure:10319: cc -o conftest -g -O2   -Wl,-rpath -Wl,/foo conftest.c  >&5
configure:10319: $? = 0
configure:10568: result: GNU/Linux ld.so
configure:10690: checking how to hardcode library paths into programs
configure:10715: result: immediate
configure:11263: checking whether stripping libraries is possible
configure:11268: result: yes
configure:11303: checking if libtool supports shared libraries
configure:11305: result: yes
configure:11308: checking whether to build shared libraries
configure:11333: result: no
configure:11336: checking whether to build static libraries
configure:11340: result: yes
configure:11394: checking for a BSD-compatible install
configure:11462: result: /usr/bin/install -c
configure:11473: checking whether build environment is sane
configure:11528: result: yes
configure:11563: WARNING: 'missing' script is too old or missing
configure:11676: checking for a thread-safe mkdir -p
configure:11715: result: /bin/mkdir -p
configure:11718: checking whether make sets $(MAKE)
configure:11740: result: yes
configure:11770: checking for style of include used by make
configure:11798: result: GNU
configure:11832: checking whether make supports nested variables
configure:11849: result: yes
configure:11934: checking dependency style of cc
configure:12045: result: gcc3
configure:12153: checking for gcc
configure:12180: result: cc
configure:12409: checking for C compiler version
configure:12418: cc --version >&5
icc (ICC) 15.0.6 20151119
Copyright (C) 1985-2015 Intel Corporation.  All rights reserved.

configure:12429: $? = 0
configure:12418: cc -v >&5
icc: warning #10315: specifying -lm before files may supersede the Intel(R) math library and affect performance
icc: warning #10315: specifying -lm before files may supersede the Intel(R) math library and affect performance
icc: warning #10315: specifying -lm before files may supersede the Intel(R) math library and affect performance
icc version 15.0.6 (gcc version 4.3.0 compatibility)
ld    /usr/lib64/gcc/x86_64-suse-linux/4.3/../../../../lib64/crt1.o /usr/lib64/gcc/x86_64-suse-linux/4.3/../../../../lib64/crti.o /usr/lib64/gcc/x86_64-suse-linux/4.3/crtbeginT.o --build-id -static -m elf_x86_64 -L/opt/cray/dmapp/default/lib64 -L/opt/cray/mpt/7.2.0/gni/mpich2-intel/140/lib -L/opt/cray/libsci/13.0.3/INTEL/140/x86_64/lib -L/opt/cray/rca/1.0.0-2.0502.57212.2.56.ari/lib64 -L/opt/cray/alps/5.2.3-2.0502.9295.14.14.ari/lib64 -L/opt/cray/xpmem/0.1-2.0502.57015.1.15.ari/lib64 -L/opt/cray/pmi/5.0.6-1.0000.10439.140.2.ari/lib64 -L/opt/cray/ugni/6.0-1.0502.10245.9.9.ari/lib64 -L/opt/cray/udreg/2.3.2-1.0502.9889.2.20.ari/lib64 -L/opt/cray/atp/1.8.1/libApp -L/opt/cray/wlm_detect/1.0-1.0502.57063.1.1.ari/lib64 -o a.out -L/opt/intel/composer_xe_2015.6.233/compiler/lib/intel64 -L/opt/intel/composer_xe_2015.6.233/ipp/../compiler/lib/intel64 -L/opt/intel/composer_xe_2015.6.233/ipp/lib/intel64 -L/opt/intel/composer_xe_2015.6.233/compiler/lib/intel64 -L/opt/intel/composer_xe_2015.6.233/mkl/lib/intel64 -L/opt/intel/composer_xe_2015.6.233/tbb/lib/intel64/gcc4.1 -L/opt/intel/composer_xe_2015.6.233/compiler/lib/intel64 -L/usr/lib64/gcc/x86_64-suse-linux/4.3/ -L/usr/lib64/gcc/x86_64-suse-linux/4.3/../../../../lib64 -L/usr/lib64/gcc/x86_64-suse-linux/4.3/../../../../lib64/ -L/lib/../lib64 -L/lib/../lib64/ -L/usr/lib/../lib64 -L/usr/lib/../lib64/ -L/opt/intel/composer_xe_2015.6.233/compiler/lib/intel64/ -L/opt/intel/composer_xe_2015.6.233/ipp/../compiler/lib/intel64/ -L/opt/intel/composer_xe_2015.6.233/ipp/lib/intel64/ -L/opt/intel/composer_xe_2015.6.233/mkl/lib/intel64/ -L/opt/intel/composer_xe_2015.6.233/tbb/lib/intel64/gcc4.1/ -L/usr/lib64/gcc/x86_64-suse-linux/4.3/../../../../x86_64-suse-linux/lib/ -L/usr/lib64/gcc/x86_64-suse-linux/4.3/../../../ -L/lib64 -L/lib/ -L/usr/lib64 -L/usr/lib -lAtpSigHandler -lAtpSigHCommData --undefined=_ATP_Data_Globals --undefined=__atpHandlerInstall -lpthread -lsci_intel_mpi -lsci_intel -L/opt/intel/composer_xe_2015.6.233/compiler/lib/intel64 -limf -lm -ldl -lmpich_intel -lrt -lugni -lpthread -lpmi -L/opt/intel/composer_xe_2015.6.233/compiler/lib/intel64 -limf -lm -ldl -lpmi -lpthread -lalpslli -lpthread -lwlm_detect -lalpsutil -lpthread -lrca -lxpmem -lugni -lpthread -ludreg -lsci_intel -L/opt/intel/composer_xe_2015.6.233/compiler/lib/intel64 -limf -lm -ldl --as-needed -limf --no-as-needed --as-needed -lm --no-as-needed --as-needed -lifcore --no-as-needed --as-needed -lifport --no-as-needed --as-needed -lpthread --no-as-needed -limf -lsvml -lirng -lm -lipgo -ldecimal -lgcc -lgcc_eh -lirc -lsvml -lc -lgcc -lgcc_eh -lirc_s -ldl -lc /usr/lib64/gcc/x86_64-suse-linux/4.3/crtend.o /usr/lib64/gcc/x86_64-suse-linux/4.3/../../../../lib64/crtn.o
/opt/intel/composer_xe_2015.6.233/compiler/lib/intel64/libifcore.a(for_main.o): In function `main':
for_main.c:(.text+0x3e): undefined reference to `MAIN__'
configure:12429: $? = 1
configure:12418: cc -V >&5
Intel(R) C Intel(R) 64 Compiler XE for applications running on Intel(R) 64, Version 15.0.6.233 Build 20151119
Copyright (C) 1985-2015 Intel Corporation.  All rights reserved.

configure:12429: $? = 0
configure:12418: cc -qversion >&5
icc: command line warning #10006: ignoring unknown option '-qversion'
icc: warning #10315: specifying -lm before files may supersede the Intel(R) math library and affect performance
icc: warning #10315: specifying -lm before files may supersede the Intel(R) math library and affect performance
icc: warning #10315: specifying -lm before files may supersede the Intel(R) math library and affect performance
/opt/intel/composer_xe_2015.6.233/compiler/lib/intel64/libifcore.a(for_main.o): In function `main':
for_main.c:(.text+0x3e): undefined reference to `MAIN__'
configure:12429: $? = 1
configure:12433: checking whether we are using the GNU C compiler
configure:12461: result: yes
configure:12470: checking whether cc accepts -g
configure:12531: result: yes
configure:12548: checking for cc option to accept ISO C89
configure:12624: result: none needed
configure:12649: checking whether cc understands -c and -o together
configure:12686: result: yes
configure:12705: checking for ANSI C header files
configure:12809: result: yes
configure:12819: checking whether byte ordering is bigendian
configure:12834: cc -c -g -O2  conftest.c >&5
conftest.c(25): error: identifier "not" is undefined
  	       not a universal capable compiler
  	       ^

conftest.c(25): error: expected a ";"
  	       not a universal capable compiler
  	             ^

compilation aborted for conftest.c (code 2)
configure:12834: $? = 2
configure: failed program was:
| /* confdefs.h */
| #define PACKAGE_NAME "libaec"
| #define PACKAGE_TARNAME "libaec"
| #define PACKAGE_VERSION "0.3.4"
| #define PACKAGE_STRING "libaec 0.3.4"
| #define PACKAGE_BUGREPORT "rosenhauer@dkrz.de"
| #define PACKAGE_URL ""
| #define STDC_HEADERS 1
| #define HAVE_SYS_TYPES_H 1
| #define HAVE_SYS_STAT_H 1
| #define HAVE_STDLIB_H 1
| #define HAVE_STRING_H 1
| #define HAVE_MEMORY_H 1
| #define HAVE_STRINGS_H 1
| #define HAVE_INTTYPES_H 1
| #define HAVE_STDINT_H 1
| #define HAVE_UNISTD_H 1
| #define HAVE_DLFCN_H 1
| #define LT_OBJDIR ".libs/"
| #define PACKAGE "libaec"
| #define VERSION "0.3.4"
| #define STDC_HEADERS 1
| /* end confdefs.h.  */
| #ifndef __APPLE_CC__
| 	       not a universal capable compiler
| 	     #endif
| 	     typedef int dummy;
| 
configure:12879: cc -c -g -O2  conftest.c >&5
configure:12879: $? = 0
configure:12897: cc -c -g -O2  conftest.c >&5
conftest.c(31): error: identifier "not" is undefined
  		 not big endian
  		 ^

conftest.c(31): error: expected a ";"
  		 not big endian
  		         ^

conftest.c(34): warning #12: parsing restarts here after previous syntax error
    ;
    ^

compilation aborted for conftest.c (code 2)
configure:12897: $? = 2
configure: failed program was:
| /* confdefs.h */
| #define PACKAGE_NAME "libaec"
| #define PACKAGE_TARNAME "libaec"
| #define PACKAGE_VERSION "0.3.4"
| #define PACKAGE_STRING "libaec 0.3.4"
| #define PACKAGE_BUGREPORT "rosenhauer@dkrz.de"
| #define PACKAGE_URL ""
| #define STDC_HEADERS 1
| #define HAVE_SYS_TYPES_H 1
| #define HAVE_SYS_STAT_H 1
| #define HAVE_STDLIB_H 1
| #define HAVE_STRING_H 1
| #define HAVE_MEMORY_H 1
| #define HAVE_STRINGS_H 1
| #define HAVE_INTTYPES_H 1
| #define HAVE_STDINT_H 1
| #define HAVE_UNISTD_H 1
| #define HAVE_DLFCN_H 1
| #define LT_OBJDIR ".libs/"
| #define PACKAGE "libaec"
| #define VERSION "0.3.4"
| #define STDC_HEADERS 1
| /* end confdefs.h.  */
| #include <sys/types.h>
| 		#include <sys/param.h>
| 
| int
| main ()
| {
| #if BYTE_ORDER != BIG_ENDIAN
| 		 not big endian
| 		#endif
| 
|   ;
|   return 0;
| }
configure:13025: result: no
configure:13043: checking for inline
configure:13059: cc -c -g -O2  conftest.c >&5
configure:13059: $? = 0
configure:13067: result: inline
configure:13085: checking for int64_t
configure:13085: cc -c -g -O2  conftest.c >&5
configure:13085: $? = 0
configure:13085: cc -c -g -O2  conftest.c >&5
conftest.c(62): warning #61: integer operation result is out of range
  		 < (int64_t) (((((int64_t) 1 << N) << N) - 1) * 2 + 2))];
  		                                                  ^

conftest.c(61): error: the size of an array must be greater than zero
  static int test_array [1 - 2 * !((int64_t) (((((int64_t) 1 << N) << N) - 1) * 2 + 1)
                         ^

compilation aborted for conftest.c (code 2)
configure:13085: $? = 2
configure: failed program was:
| /* confdefs.h */
| #define PACKAGE_NAME "libaec"
| #define PACKAGE_TARNAME "libaec"
| #define PACKAGE_VERSION "0.3.4"
| #define PACKAGE_STRING "libaec 0.3.4"
| #define PACKAGE_BUGREPORT "rosenhauer@dkrz.de"
| #define PACKAGE_URL ""
| #define STDC_HEADERS 1
| #define HAVE_SYS_TYPES_H 1
| #define HAVE_SYS_STAT_H 1
| #define HAVE_STDLIB_H 1
| #define HAVE_STRING_H 1
| #define HAVE_MEMORY_H 1
| #define HAVE_STRINGS_H 1
| #define HAVE_INTTYPES_H 1
| #define HAVE_STDINT_H 1
| #define HAVE_UNISTD_H 1
| #define HAVE_DLFCN_H 1
| #define LT_OBJDIR ".libs/"
| #define PACKAGE "libaec"
| #define VERSION "0.3.4"
| #define STDC_HEADERS 1
| /* end confdefs.h.  */
| #include <stdio.h>
| #ifdef HAVE_SYS_TYPES_H
| # include <sys/types.h>
| #endif
| #ifdef HAVE_SYS_STAT_H
| # include <sys/stat.h>
| #endif
| #ifdef STDC_HEADERS
| # include <stdlib.h>
| # include <stddef.h>
| #else
| # ifdef HAVE_STDLIB_H
| #  include <stdlib.h>
| # endif
| #endif
| #ifdef HAVE_STRING_H
| # if !defined STDC_HEADERS && defined HAVE_MEMORY_H
| #  include <memory.h>
| # endif
| # include <string.h>
| #endif
| #ifdef HAVE_STRINGS_H
| # include <strings.h>
| #endif
| #ifdef HAVE_INTTYPES_H
| # include <inttypes.h>
| #endif
| #ifdef HAVE_STDINT_H
| # include <stdint.h>
| #endif
| #ifdef HAVE_UNISTD_H
| # include <unistd.h>
| #endif
| 	        enum { N = 64 / 2 - 1 };
| int
| main ()
| {
| static int test_array [1 - 2 * !((int64_t) (((((int64_t) 1 << N) << N) - 1) * 2 + 1)
| 		 < (int64_t) (((((int64_t) 1 << N) << N) - 1) * 2 + 2))];
| test_array [0] = 0;
| return test_array [0];
| 
|   ;
|   return 0;
| }
configure:13085: result: yes
configure:13096: checking for size_t
configure:13096: cc -c -g -O2  conftest.c >&5
configure:13096: $? = 0
configure:13096: cc -c -g -O2  conftest.c >&5
conftest.c(60): error: expected an expression
  if (sizeof ((size_t)))
                      ^

compilation aborted for conftest.c (code 2)
configure:13096: $? = 2
configure: failed program was:
| /* confdefs.h */
| #define PACKAGE_NAME "libaec"
| #define PACKAGE_TARNAME "libaec"
| #define PACKAGE_VERSION "0.3.4"
| #define PACKAGE_STRING "libaec 0.3.4"
| #define PACKAGE_BUGREPORT "rosenhauer@dkrz.de"
| #define PACKAGE_URL ""
| #define STDC_HEADERS 1
| #define HAVE_SYS_TYPES_H 1
| #define HAVE_SYS_STAT_H 1
| #define HAVE_STDLIB_H 1
| #define HAVE_STRING_H 1
| #define HAVE_MEMORY_H 1
| #define HAVE_STRINGS_H 1
| #define HAVE_INTTYPES_H 1
| #define HAVE_STDINT_H 1
| #define HAVE_UNISTD_H 1
| #define HAVE_DLFCN_H 1
| #define LT_OBJDIR ".libs/"
| #define PACKAGE "libaec"
| #define VERSION "0.3.4"
| #define STDC_HEADERS 1
| /* end confdefs.h.  */
| #include <stdio.h>
| #ifdef HAVE_SYS_TYPES_H
| # include <sys/types.h>
| #endif
| #ifdef HAVE_SYS_STAT_H
| # include <sys/stat.h>
| #endif
| #ifdef STDC_HEADERS
| # include <stdlib.h>
| # include <stddef.h>
| #else
| # ifdef HAVE_STDLIB_H
| #  include <stdlib.h>
| # endif
| #endif
| #ifdef HAVE_STRING_H
| # if !defined STDC_HEADERS && defined HAVE_MEMORY_H
| #  include <memory.h>
| # endif
| # include <string.h>
| #endif
| #ifdef HAVE_STRINGS_H
| # include <strings.h>
| #endif
| #ifdef HAVE_INTTYPES_H
| # include <inttypes.h>
| #endif
| #ifdef HAVE_STDINT_H
| # include <stdint.h>
| #endif
| #ifdef HAVE_UNISTD_H
| # include <unistd.h>
| #endif
| int
| main ()
| {
| if (sizeof ((size_t)))
| 	    return 0;
|   ;
|   return 0;
| }
configure:13096: result: yes
configure:13107: checking for uint32_t
configure:13107: cc -c -g -O2  conftest.c >&5
configure:13107: $? = 0
configure:13107: result: yes
configure:13121: checking for uint64_t
configure:13121: cc -c -g -O2  conftest.c >&5
configure:13121: $? = 0
configure:13121: result: yes
configure:13135: checking for uint8_t
configure:13135: cc -c -g -O2  conftest.c >&5
configure:13135: $? = 0
configure:13135: result: yes
configure:13149: checking for inline
configure:13173: result: inline
configure:13191: checking for C/C++ restrict keyword
configure:13216: cc -c -g -O2  conftest.c >&5
configure:13216: $? = 0
configure:13224: result: __restrict
configure:13242: checking for memset
configure:13242: cc -o conftest -g -O2   conftest.c  >&5
configure:13242: $? = 0
configure:13242: result: yes
configure:13242: checking for strstr
configure:13242: cc -o conftest -g -O2   conftest.c  >&5
configure:13242: $? = 0
configure:13242: result: yes
configure:13251: checking whether __builtin_clzll is declared
configure:13251: cc -c -g -O2  conftest.c >&5
configure:13251: $? = 0
configure:13251: result: yes
configure:13375: checking that generated files are newer than configure
configure:13381: result: done
configure:13405: creating ./config.status

## ---------------------- ##
## Running config.status. ##
## ---------------------- ##

This file was extended by libaec config.status 0.3.4, which was
generated by GNU Autoconf 2.69.  Invocation command line was

  CONFIG_FILES    = 
  CONFIG_HEADERS  = 
  CONFIG_LINKS    = 
  CONFIG_COMMANDS = 
  $ ./config.status 

on slogin2

config.status:1091: creating Makefile
config.status:1091: creating src/Makefile
config.status:1091: creating tests/Makefile
config.status:1091: creating config/config.h
config.status:1272: config/config.h is unchanged
config.status:1320: executing libtool commands
config.status:1320: executing depfiles commands

## ---------------- ##
## Cache variables. ##
## ---------------- ##

ac_cv_build=x86_64-unknown-linux-gnu
ac_cv_c_bigendian=no
ac_cv_c_compiler_gnu=yes
ac_cv_c_inline=inline
ac_cv_c_int64_t=yes
ac_cv_c_restrict=__restrict
ac_cv_c_uint32_t=yes
ac_cv_c_uint64_t=yes
ac_cv_c_uint8_t=yes
ac_cv_env_CC_set=set
ac_cv_env_CC_value=cc
ac_cv_env_CFLAGS_set=
ac_cv_env_CFLAGS_value=
ac_cv_env_CPPFLAGS_set=
ac_cv_env_CPPFLAGS_value=
ac_cv_env_CPP_set=
ac_cv_env_CPP_value=
ac_cv_env_LDFLAGS_set=
ac_cv_env_LDFLAGS_value=
ac_cv_env_LIBS_set=
ac_cv_env_LIBS_value=
ac_cv_env_LT_SYS_LIBRARY_PATH_set=
ac_cv_env_LT_SYS_LIBRARY_PATH_value=
ac_cv_env_build_alias_set=
ac_cv_env_build_alias_value=
ac_cv_env_host_alias_set=
ac_cv_env_host_alias_value=
ac_cv_env_target_alias_set=
ac_cv_env_target_alias_value=
ac_cv_func_memset=yes
ac_cv_func_strstr=yes
ac_cv_have_decl___builtin_clzll=yes
ac_cv_header_dlfcn_h=yes
ac_cv_header_inttypes_h=yes
ac_cv_header_memory_h=yes
ac_cv_header_stdc=yes
ac_cv_header_stdint_h=yes
ac_cv_header_stdlib_h=yes
ac_cv_header_string_h=yes
ac_cv_header_strings_h=yes
ac_cv_header_sys_stat_h=yes
ac_cv_header_sys_types_h=yes
ac_cv_header_unistd_h=yes
ac_cv_host=x86_64-unknown-linux-gnu
ac_cv_objext=o
ac_cv_path_EGREP='/usr/bin/grep -E'
ac_cv_path_FGREP='/usr/bin/grep -F'
ac_cv_path_GREP=/usr/bin/grep
ac_cv_path_SED=/usr/bin/sed
ac_cv_path_install='/usr/bin/install -c'
ac_cv_path_lt_DD=/bin/dd
ac_cv_path_mkdir=/bin/mkdir
ac_cv_prog_AWK=gawk
ac_cv_prog_CPP='cc -E'
ac_cv_prog_ac_ct_AR=ar
ac_cv_prog_ac_ct_CC=cc
ac_cv_prog_ac_ct_MANIFEST_TOOL=mt
ac_cv_prog_ac_ct_OBJDUMP=objdump
ac_cv_prog_ac_ct_RANLIB=ranlib
ac_cv_prog_ac_ct_STRIP=strip
ac_cv_prog_cc_c89=
ac_cv_prog_cc_g=yes
ac_cv_prog_make_make_set=yes
ac_cv_type_size_t=yes
am_cv_CC_dependencies_compiler_type=gcc3
am_cv_make_support_nested_variables=yes
am_cv_prog_cc_c_o=yes
lt_cv_ar_at_file=@
lt_cv_deplibs_check_method=pass_all
lt_cv_file_magic_cmd='$MAGIC_CMD'
lt_cv_file_magic_test_file=
lt_cv_ld_reload_flag=-r
lt_cv_nm_interface='BSD nm'
lt_cv_objdir=.libs
lt_cv_path_LD=/usr/bin/ld
lt_cv_path_NM='/usr/bin/nm -B'
lt_cv_path_mainfest_tool=no
lt_cv_prog_compiler_c_o=yes
lt_cv_prog_compiler_pic='-fPIC -DPIC'
lt_cv_prog_compiler_pic_works=yes
lt_cv_prog_compiler_rtti_exceptions=yes
lt_cv_prog_compiler_static_works=yes
lt_cv_prog_gnu_ld=yes
lt_cv_sharedlib_from_linklib_cmd='printf %s\n'
lt_cv_shlibpath_overrides_runpath=no
lt_cv_sys_global_symbol_pipe='sed -n -e '\''s/^.*[	 ]\([ABCDGIRSTW][ABCDGIRSTW]*\)[	 ][	 ]*\([_A-Za-z][_A-Za-z0-9]*\)$/\1 \2 \2/p'\'' | sed '\''/ __gnu_lto/d'\'''
lt_cv_sys_global_symbol_to_c_name_address='sed -n -e '\''s/^: \(.*\) .*$/  {"\1", (void *) 0},/p'\'' -e '\''s/^[ABCDGIRSTW][ABCDGIRSTW]* .* \(.*\)$/  {"\1", (void *) \&\1},/p'\'''
lt_cv_sys_global_symbol_to_c_name_address_lib_prefix='sed -n -e '\''s/^: \(.*\) .*$/  {"\1", (void *) 0},/p'\'' -e '\''s/^[ABCDGIRSTW][ABCDGIRSTW]* .* \(lib.*\)$/  {"\1", (void *) \&\1},/p'\'' -e '\''s/^[ABCDGIRSTW][ABCDGIRSTW]* .* \(.*\)$/  {"lib\1", (void *) \&\1},/p'\'''
lt_cv_sys_global_symbol_to_cdecl='sed -n -e '\''s/^T .* \(.*\)$/extern int \1();/p'\'' -e '\''s/^[ABCDGIRSTW][ABCDGIRSTW]* .* \(.*\)$/extern char \1;/p'\'''
lt_cv_sys_global_symbol_to_import=
lt_cv_sys_max_cmd_len=3458764513820540925
lt_cv_to_host_file_cmd=func_convert_file_noop
lt_cv_to_tool_file_cmd=func_convert_file_noop
lt_cv_truncate_bin='/bin/dd bs=4096 count=1'

## ----------------- ##
## Output variables. ##
## ----------------- ##

ACLOCAL='aclocal-1.15'
AMDEPBACKSLASH='\'
AMDEP_FALSE='#'
AMDEP_TRUE=''
AMTAR='$${TAR-tar}'
AM_BACKSLASH='\'
AM_DEFAULT_V='$(AM_DEFAULT_VERBOSITY)'
AM_DEFAULT_VERBOSITY='1'
AM_V='$(V)'
AR='ar'
AUTOCONF='autoconf'
AUTOHEADER='autoheader'
AUTOMAKE='automake-1.15'
AWK='gawk'
CC='cc'
CCDEPMODE='depmode=gcc3'
CFLAGS='-g -O2'
CPP='cc -E'
CPPFLAGS=''
CYGPATH_W='echo'
DEFS='-DHAVE_CONFIG_H'
DEPDIR='.deps'
DLLTOOL='false'
DSYMUTIL=''
DUMPBIN=''
ECHO_C=''
ECHO_N='-n'
ECHO_T=''
EGREP='/usr/bin/grep -E'
EXEEXT=''
FGREP='/usr/bin/grep -F'
GREP='/usr/bin/grep'
INSTALL_DATA='${INSTALL} -m 644'
INSTALL_PROGRAM='${INSTALL}'
INSTALL_SCRIPT='${INSTALL}'
INSTALL_STRIP_PROGRAM='$(install_sh) -c -s'
LD='/usr/bin/ld -m elf_x86_64'
LDFLAGS=''
LIBOBJS=''
LIBS=''
LIBTOOL='$(SHELL) $(top_builddir)/libtool'
LIPO=''
LN_S='ln -s'
LTLIBOBJS=''
LT_SYS_LIBRARY_PATH=''
MAKEINFO='makeinfo'
MANIFEST_TOOL=':'
MKDIR_P='/bin/mkdir -p'
NM='/usr/bin/nm -B'
NMEDIT=''
OBJDUMP='objdump'
OBJEXT='o'
OTOOL64=''
OTOOL=''
PACKAGE='libaec'
PACKAGE_BUGREPORT='rosenhauer@dkrz.de'
PACKAGE_NAME='libaec'
PACKAGE_STRING='libaec 0.3.4'
PACKAGE_TARNAME='libaec'
PACKAGE_URL=''
PACKAGE_VERSION='0.3.4'
PATH_SEPARATOR=':'
RANLIB='ranlib'
SED='/usr/bin/sed'
SET_MAKE=''
SHELL='/bin/sh'
STRIP='strip'
VERSION='0.3.4'
ac_ct_AR='ar'
ac_ct_CC='cc'
ac_ct_DUMPBIN=''
am__EXEEXT_FALSE=''
am__EXEEXT_TRUE='#'
am__fastdepCC_FALSE='#'
am__fastdepCC_TRUE=''
am__include='include'
am__isrc=''
am__leading_dot='.'
am__nodep='_no'
am__quote=''
am__tar='$${TAR-tar} chof - "$$tardir"'
am__untar='$${TAR-tar} xf -'
bindir='${exec_prefix}/bin'
build='x86_64-unknown-linux-gnu'
build_alias=''
build_cpu='x86_64'
build_os='linux-gnu'
build_vendor='unknown'
datadir='${datarootdir}'
datarootdir='${prefix}/share'
docdir='${datarootdir}/doc/${PACKAGE_TARNAME}'
dvidir='${docdir}'
exec_prefix='${prefix}'
host='x86_64-unknown-linux-gnu'
host_alias=''
host_cpu='x86_64'
host_os='linux-gnu'
host_vendor='unknown'
htmldir='${docdir}'
includedir='${prefix}/include'
infodir='${datarootdir}/info'
install_sh='${SHELL} /gpfs/hps/nco/ops/nwtest/grib_util.v1.0.4/sorc/wgrib2_v2.0.5/sorc/libaec-0.3.4/config/install-sh'
libdir='${exec_prefix}/lib'
libexecdir='${exec_prefix}/libexec'
localedir='${datarootdir}/locale'
localstatedir='${prefix}/var'
mandir='${datarootdir}/man'
mkdir_p='$(MKDIR_P)'
oldincludedir='/usr/include'
pdfdir='${docdir}'
prefix='/gpfs/hps/nco/ops/nwtest/grib_util.v1.0.4/sorc/wgrib2_v2.0.5'
program_transform_name='s,x,x,'
psdir='${docdir}'
runstatedir='${localstatedir}/run'
sbindir='${exec_prefix}/sbin'
sharedstatedir='${prefix}/com'
sysconfdir='${prefix}/etc'
target_alias=''

## ----------- ##
## confdefs.h. ##
## ----------- ##

/* confdefs.h */
#define PACKAGE_NAME "libaec"
#define PACKAGE_TARNAME "libaec"
#define PACKAGE_VERSION "0.3.4"
#define PACKAGE_STRING "libaec 0.3.4"
#define PACKAGE_BUGREPORT "rosenhauer@dkrz.de"
#define PACKAGE_URL ""
#define STDC_HEADERS 1
#define HAVE_SYS_TYPES_H 1
#define HAVE_SYS_STAT_H 1
#define HAVE_STDLIB_H 1
#define HAVE_STRING_H 1
#define HAVE_MEMORY_H 1
#define HAVE_STRINGS_H 1
#define HAVE_INTTYPES_H 1
#define HAVE_STDINT_H 1
#define HAVE_UNISTD_H 1
#define HAVE_DLFCN_H 1
#define LT_OBJDIR ".libs/"
#define PACKAGE "libaec"
#define VERSION "0.3.4"
#define STDC_HEADERS 1
#define restrict __restrict
#define HAVE_MEMSET 1
#define HAVE_STRSTR 1
#define HAVE_DECL___BUILTIN_CLZLL 1

configure: exit 0
