 
 You are on WCOSS:  Luna-XC40
 
15.0.3.187
Currently Loaded Modulefiles:
  1) modules/3.2.6.7
  2) eswrap/1.3.3-1.020200.1278.0
  3) switch/1.0-1.0502.57058.1.58.ari
  4) /opt/cray/craype/default/modulefiles/craype-network-aries
  5) ncep/1.0
  6) xt-lsfhpc/9.1.3
  7) imagemagick-intel-sandybridge/6.8.3
  8) GrADS/2.0.2
  9) prod_util/1.0.5
 10) craype-sandybridge
 11) jasper-gnu-sandybridge/1.900.1
 12) png-intel-sandybridge/1.2.49
 13) zlib-intel-sandybridge/1.2.7
 14) craype/2.3.0
 15) intel/15.0.6.233
 16) cray-libsci/13.0.3
 17) udreg/2.3.2-1.0502.9889.2.20.ari
 18) ugni/6.0-1.0502.10245.9.9.ari
 19) pmi/5.0.6-1.0000.10439.140.2.ari
 20) dmapp/7.0.1-1.0502.10246.8.47.ari
 21) gni-headers/4.0-1.0502.10317.9.2.ari
 22) xpmem/0.1-2.0502.57015.1.15.ari
 23) dvs/2.5_0.9.0-1.0502.1958.2.55.ari
 24) alps/5.2.3-2.0502.9295.14.14.ari
 25) rca/1.0.0-2.0502.57212.2.56.ari
 26) atp/1.8.1
 27) PrgEnv-intel/5.2.56
 28) bacio-intel/2.0.1
 29) w3emc-intel/2.2.0
 30) w3nco-intel/2.0.6
 31) ip-intel/3.0.0
 32) sp-intel/2.0.2
 33) g2-intel/3.1.0
 34) iobuf/2.0.7
 35) build_grib_util/cray/1.0.5
ftn -g -O3 -I/gpfs/hps/nco/ops/nwtest/lib/g2/v3.1.0/intel/include/g2_v3.1.0_4   -axCORE-AVX2  -c -o tocgrib2.o tocgrib2.f
ftn  -o tocgrib2 tocgrib2.o /gpfs/hps/nco/ops/nwtest/lib/g2/v3.1.0/intel/libg2_v3.1.0_4.a /gpfs/hps/nco/ops/nwprod/lib/w3nco/v2.0.6/intel/libw3nco_v2.0.6_4.a /gpfs/hps/nco/ops/nwprod/lib/bacio/v2.0.1/intel/libbacio_v2.0.1_4.a /usrx/local/prod//jasper/1.900.1/gnu/sandybridge/lib/libjasper.a /usrx/local/prod//png/1.2.49/intel/sandybridge/lib/libpng.a /usrx/local/prod/zlib/1.2.7/intel/sandybridge/lib/libz.a
mkdir -p ../../exec
cp -p tocgrib2 ../../exec
rm -f tocgrib2.o
