 
 You are on WCOSS:  Mars-p3
 

Currently Loaded Modules:
  1) EnvVars/1.0.2      6) imagemagick/6.9.9-25  11) pigz/2.3.4       16) jasper/1.900.29  21) w3nco/2.0.6
  2) lsf/10.1           7) perl/XML-Parser/2.44  12) python/3.6.3     17) libpng/1.2.59    22) ip/3.0.1
  3) prod_envir/1.0.2   8) cmake/3.10.0          13) prod_util/1.1.0  18) zlib/1.2.11      23) sp/2.0.2
  4) GrADS/2.2.0        9) idl/8.6.1             14) ips/18.0.1.163   19) bacio/2.0.2      24) g2/3.1.0
  5) git/2.14.3        10) perl/DateTime/1.44    15) impi/18.0.1      20) w3emc/2.3.0      25) build_grib_util/dell/1.1.0

 

ifort -c -I/gpfs/dell1/nco/ops/nwprod/lib/g2/v3.1.0/ips/18.0.1/include/g2_v3.1.0_d -I/gpfs/dell1/nco/ops/nwprod/lib/ip/v3.0.1/ips/18.0.1/include/ip_v3.0.1_d -O3 -g -r8 -convert big_endian -auto -mkl copygb2.f
ifort -c -I/gpfs/dell1/nco/ops/nwprod/lib/g2/v3.1.0/ips/18.0.1/include/g2_v3.1.0_d -I/gpfs/dell1/nco/ops/nwprod/lib/ip/v3.0.1/ips/18.0.1/include/ip_v3.0.1_d -O3 -g -r8 -convert big_endian -auto -mkl polates0.f90
ifort -c -I/gpfs/dell1/nco/ops/nwprod/lib/g2/v3.1.0/ips/18.0.1/include/g2_v3.1.0_d -I/gpfs/dell1/nco/ops/nwprod/lib/ip/v3.0.1/ips/18.0.1/include/ip_v3.0.1_d -O3 -g -r8 -convert big_endian -auto -mkl polatev0.f90
ifort -c -I/gpfs/dell1/nco/ops/nwprod/lib/g2/v3.1.0/ips/18.0.1/include/g2_v3.1.0_d -I/gpfs/dell1/nco/ops/nwprod/lib/ip/v3.0.1/ips/18.0.1/include/ip_v3.0.1_d -O3 -g -r8 -convert big_endian -auto -mkl polates1.f90
ifort -c -I/gpfs/dell1/nco/ops/nwprod/lib/g2/v3.1.0/ips/18.0.1/include/g2_v3.1.0_d -I/gpfs/dell1/nco/ops/nwprod/lib/ip/v3.0.1/ips/18.0.1/include/ip_v3.0.1_d -O3 -g -r8 -convert big_endian -auto -mkl polatev1.f90
ifort -c -I/gpfs/dell1/nco/ops/nwprod/lib/g2/v3.1.0/ips/18.0.1/include/g2_v3.1.0_d -I/gpfs/dell1/nco/ops/nwprod/lib/ip/v3.0.1/ips/18.0.1/include/ip_v3.0.1_d -O3 -g -r8 -convert big_endian -auto -mkl polates2.f90
ifort -c -I/gpfs/dell1/nco/ops/nwprod/lib/g2/v3.1.0/ips/18.0.1/include/g2_v3.1.0_d -I/gpfs/dell1/nco/ops/nwprod/lib/ip/v3.0.1/ips/18.0.1/include/ip_v3.0.1_d -O3 -g -r8 -convert big_endian -auto -mkl polatev2.f90
ifort -c -I/gpfs/dell1/nco/ops/nwprod/lib/g2/v3.1.0/ips/18.0.1/include/g2_v3.1.0_d -I/gpfs/dell1/nco/ops/nwprod/lib/ip/v3.0.1/ips/18.0.1/include/ip_v3.0.1_d -O3 -g -r8 -convert big_endian -auto -mkl polates3.f90
ifort -c -I/gpfs/dell1/nco/ops/nwprod/lib/g2/v3.1.0/ips/18.0.1/include/g2_v3.1.0_d -I/gpfs/dell1/nco/ops/nwprod/lib/ip/v3.0.1/ips/18.0.1/include/ip_v3.0.1_d -O3 -g -r8 -convert big_endian -auto -mkl polatev3.f90
ifort -c -I/gpfs/dell1/nco/ops/nwprod/lib/g2/v3.1.0/ips/18.0.1/include/g2_v3.1.0_d -I/gpfs/dell1/nco/ops/nwprod/lib/ip/v3.0.1/ips/18.0.1/include/ip_v3.0.1_d -O3 -g -r8 -convert big_endian -auto -mkl polates6.f90
ifort -c -I/gpfs/dell1/nco/ops/nwprod/lib/g2/v3.1.0/ips/18.0.1/include/g2_v3.1.0_d -I/gpfs/dell1/nco/ops/nwprod/lib/ip/v3.0.1/ips/18.0.1/include/ip_v3.0.1_d -O3 -g -r8 -convert big_endian -auto -mkl polatev6.f90
ifort -static-intel -mkl -qopenmp copygb2.o polates0.o polatev0.o polates1.o polatev1.o polates2.o polatev2.o polates3.o polatev3.o polates6.o polatev6.o /gpfs/dell1/nco/ops/nwprod/lib/g2/v3.1.0/ips/18.0.1/libg2_v3.1.0_d.a /gpfs/dell1/nco/ops/nwprod/lib/w3nco/v2.0.6/ips/18.0.1/libw3nco_v2.0.6_d.a /gpfs/dell1/nco/ops/nwprod/lib/bacio/v2.0.2/ips/18.0.1/libbacio_v2.0.2_4.a /gpfs/dell1/nco/ops/nwprod/lib/ip/v3.0.1/ips/18.0.1/libip_v3.0.1_d.a /gpfs/dell1/nco/ops/nwprod/lib/sp/v2.0.2/ips/18.0.1/libsp_v2.0.2_d.a /usrx/local/prod/packages/gnu/4.8.5/libpng/1.2.59/lib/libpng.a /usrx/local/prod/packages/gnu/4.8.5/jasper/1.900.29/lib/libjasper.a /usrx/local/prod/packages/ips/18.0.1/zlib/1.2.11/lib/libz.a -o copygb2
/usrx/local/prod/packages/gnu/4.8.5/jasper/1.900.29/lib/libjasper.a(jas_stream.o): In function `jas_stream_tmpfile':
/usrx/local/prod/packages/gnu/4.8.5/jasper/1.900.29/src/jasper-1.900.29/src/libjasper/base/jas_stream.c:520: warning: the use of `tmpnam' is dangerous, better use `mkstemp'
mkdir -p ../../exec
cp -p copygb2 ../../exec
rm -f copygb2.o polates0.o polatev0.o polates1.o polatev1.o polates2.o polatev2.o polates3.o polatev3.o polates6.o polatev6.o
